[2020-10-16 08:34:51] defaultLogger.INFO: Starting background job processing [] {"url":"/churchcrm/api/background/timerjobs","remote_ip":"::1","correlation_id":"5f893f0b8ba6c"}
[2020-10-16 08:34:51] defaultLogger.INFO: Starting application integrity check [] {"url":"/churchcrm/api/background/timerjobs","remote_ip":"::1","correlation_id":"5f893f0b8ba6c"}
[2020-10-16 08:34:51] defaultLogger.INFO: Signature file found at: /var/www/html/churchcrm/signatures.json [] {"url":"/churchcrm/api/background/timerjobs","remote_ip":"::1","correlation_id":"5f893f0b8ba6c"}
[2020-10-16 08:34:51] defaultLogger.WARNING: File hash mismatch: ChurchCRM/Config/Menu/Menu.php. Expected: 5390d0a60e24bb8560c02a08a10c0b542ba7da03; Got: 7b5c5fe772ff4215fab1795421413a2acef0763e [] {"url":"/churchcrm/api/background/timerjobs","remote_ip":"::1","correlation_id":"5f893f0b8ba6c"}
[2020-10-16 08:34:52] defaultLogger.WARNING: Application integrity check failed: One or more files failed signature validation [] {"url":"/churchcrm/api/background/timerjobs","remote_ip":"::1","correlation_id":"5f893f0b8ba6c"}
[2020-10-16 08:34:53] defaultLogger.INFO: Finished background job processing [] {"url":"/churchcrm/api/background/timerjobs","remote_ip":"::1","correlation_id":"5f893f0b8ba6c"}
[2020-10-16 08:34:55] defaultLogger.INFO: Next upgrade step for 4.0.3 is : 4.0.5 [] {"url":"/churchcrm/assetmanagement/AssetManagementDashboard.php","remote_ip":"::1","correlation_id":"5f893f0fca767"}
[2020-10-16 08:34:56] defaultLogger.INFO: Starting background job processing [] {"url":"/churchcrm/api/background/timerjobs","remote_ip":"::1","correlation_id":"5f893f10939fa"}
[2020-10-16 08:34:56] defaultLogger.INFO: Starting application integrity check [] {"url":"/churchcrm/api/background/timerjobs","remote_ip":"::1","correlation_id":"5f893f10939fa"}
[2020-10-16 08:34:56] defaultLogger.INFO: Signature file found at: /var/www/html/churchcrm/signatures.json [] {"url":"/churchcrm/api/background/timerjobs","remote_ip":"::1","correlation_id":"5f893f10939fa"}
[2020-10-16 08:34:56] defaultLogger.WARNING: File hash mismatch: ChurchCRM/Config/Menu/Menu.php. Expected: 5390d0a60e24bb8560c02a08a10c0b542ba7da03; Got: 7b5c5fe772ff4215fab1795421413a2acef0763e [] {"url":"/churchcrm/api/background/timerjobs","remote_ip":"::1","correlation_id":"5f893f10939fa"}
[2020-10-16 08:34:56] defaultLogger.WARNING: Application integrity check failed: One or more files failed signature validation [] {"url":"/churchcrm/api/background/timerjobs","remote_ip":"::1","correlation_id":"5f893f10939fa"}
[2020-10-16 08:34:58] defaultLogger.INFO: Finished background job processing [] {"url":"/churchcrm/api/background/timerjobs","remote_ip":"::1","correlation_id":"5f893f10939fa"}
[2020-10-16 08:50:33] defaultLogger.INFO: Next upgrade step for 4.0.3 is : 4.0.5 [] {"url":"/churchcrm/UserList.php","remote_ip":"::1","correlation_id":"5f8942b95975e"}
[2020-10-16 08:50:34] defaultLogger.INFO: Starting background job processing [] {"url":"/churchcrm/api/background/timerjobs","remote_ip":"::1","correlation_id":"5f8942ba3910c"}
[2020-10-16 08:50:34] defaultLogger.INFO: Starting application integrity check [] {"url":"/churchcrm/api/background/timerjobs","remote_ip":"::1","correlation_id":"5f8942ba3910c"}
[2020-10-16 08:50:34] defaultLogger.INFO: Signature file found at: /var/www/html/churchcrm/signatures.json [] {"url":"/churchcrm/api/background/timerjobs","remote_ip":"::1","correlation_id":"5f8942ba3910c"}
[2020-10-16 08:50:34] defaultLogger.WARNING: File hash mismatch: ChurchCRM/Config/Menu/Menu.php. Expected: 5390d0a60e24bb8560c02a08a10c0b542ba7da03; Got: 7b5c5fe772ff4215fab1795421413a2acef0763e [] {"url":"/churchcrm/api/background/timerjobs","remote_ip":"::1","correlation_id":"5f8942ba3910c"}
[2020-10-16 08:50:34] defaultLogger.WARNING: Application integrity check failed: One or more files failed signature validation [] {"url":"/churchcrm/api/background/timerjobs","remote_ip":"::1","correlation_id":"5f8942ba3910c"}
[2020-10-16 08:50:35] defaultLogger.INFO: Finished background job processing [] {"url":"/churchcrm/api/background/timerjobs","remote_ip":"::1","correlation_id":"5f8942ba3910c"}
[2020-10-16 08:50:39] defaultLogger.INFO: Next upgrade step for 4.0.3 is : 4.0.5 [] {"url":"/churchcrm/v2/people","remote_ip":"::1","correlation_id":"5f8942bfd21f6"}
[2020-10-16 08:50:40] defaultLogger.INFO: Starting background job processing [] {"url":"/churchcrm/api/background/timerjobs","remote_ip":"::1","correlation_id":"5f8942c09b99f"}
[2020-10-16 08:50:40] defaultLogger.INFO: Starting application integrity check [] {"url":"/churchcrm/api/background/timerjobs","remote_ip":"::1","correlation_id":"5f8942c09b99f"}
[2020-10-16 08:50:40] defaultLogger.INFO: Signature file found at: /var/www/html/churchcrm/signatures.json [] {"url":"/churchcrm/api/background/timerjobs","remote_ip":"::1","correlation_id":"5f8942c09b99f"}
[2020-10-16 08:50:40] defaultLogger.WARNING: File hash mismatch: ChurchCRM/Config/Menu/Menu.php. Expected: 5390d0a60e24bb8560c02a08a10c0b542ba7da03; Got: 7b5c5fe772ff4215fab1795421413a2acef0763e [] {"url":"/churchcrm/api/background/timerjobs","remote_ip":"::1","correlation_id":"5f8942c09b99f"}
[2020-10-16 08:50:40] defaultLogger.WARNING: Application integrity check failed: One or more files failed signature validation [] {"url":"/churchcrm/api/background/timerjobs","remote_ip":"::1","correlation_id":"5f8942c09b99f"}
[2020-10-16 08:50:42] defaultLogger.INFO: Finished background job processing [] {"url":"/churchcrm/api/background/timerjobs","remote_ip":"::1","correlation_id":"5f8942c09b99f"}
[2020-10-16 08:50:50] defaultLogger.INFO: Next upgrade step for 4.0.3 is : 4.0.5 [] {"url":"/churchcrm/Menu.php","remote_ip":"::1","correlation_id":"5f8942cab04e4"}
[2020-10-16 08:50:51] defaultLogger.INFO: Starting background job processing [] {"url":"/churchcrm/api/background/timerjobs","remote_ip":"::1","correlation_id":"5f8942cb864cd"}
[2020-10-16 08:50:51] defaultLogger.INFO: Starting application integrity check [] {"url":"/churchcrm/api/background/timerjobs","remote_ip":"::1","correlation_id":"5f8942cb864cd"}
[2020-10-16 08:50:51] defaultLogger.INFO: Signature file found at: /var/www/html/churchcrm/signatures.json [] {"url":"/churchcrm/api/background/timerjobs","remote_ip":"::1","correlation_id":"5f8942cb864cd"}
[2020-10-16 08:50:51] defaultLogger.WARNING: File hash mismatch: ChurchCRM/Config/Menu/Menu.php. Expected: 5390d0a60e24bb8560c02a08a10c0b542ba7da03; Got: 7b5c5fe772ff4215fab1795421413a2acef0763e [] {"url":"/churchcrm/api/background/timerjobs","remote_ip":"::1","correlation_id":"5f8942cb864cd"}
[2020-10-16 08:50:51] defaultLogger.WARNING: Application integrity check failed: One or more files failed signature validation [] {"url":"/churchcrm/api/background/timerjobs","remote_ip":"::1","correlation_id":"5f8942cb864cd"}
[2020-10-16 08:50:53] defaultLogger.INFO: Finished background job processing [] {"url":"/churchcrm/api/background/timerjobs","remote_ip":"::1","correlation_id":"5f8942cb864cd"}
[2020-10-16 08:50:57] defaultLogger.INFO: Next upgrade step for 4.0.3 is : 4.0.5 [] {"url":"/churchcrm/assetmanagement/AssetManagementDashboard.php","remote_ip":"::1","correlation_id":"5f8942d18b06c"}
[2020-10-16 08:50:58] defaultLogger.INFO: Starting background job processing [] {"url":"/churchcrm/api/background/timerjobs","remote_ip":"::1","correlation_id":"5f8942d249d84"}
[2020-10-16 08:50:58] defaultLogger.INFO: Starting application integrity check [] {"url":"/churchcrm/api/background/timerjobs","remote_ip":"::1","correlation_id":"5f8942d249d84"}
[2020-10-16 08:50:58] defaultLogger.INFO: Signature file found at: /var/www/html/churchcrm/signatures.json [] {"url":"/churchcrm/api/background/timerjobs","remote_ip":"::1","correlation_id":"5f8942d249d84"}
[2020-10-16 08:50:58] defaultLogger.WARNING: File hash mismatch: ChurchCRM/Config/Menu/Menu.php. Expected: 5390d0a60e24bb8560c02a08a10c0b542ba7da03; Got: 7b5c5fe772ff4215fab1795421413a2acef0763e [] {"url":"/churchcrm/api/background/timerjobs","remote_ip":"::1","correlation_id":"5f8942d249d84"}
[2020-10-16 08:50:58] defaultLogger.WARNING: Application integrity check failed: One or more files failed signature validation [] {"url":"/churchcrm/api/background/timerjobs","remote_ip":"::1","correlation_id":"5f8942d249d84"}
[2020-10-16 08:50:59] defaultLogger.INFO: Finished background job processing [] {"url":"/churchcrm/api/background/timerjobs","remote_ip":"::1","correlation_id":"5f8942d249d84"}
