[2020-05-28 09:24:56] defaultLogger.INFO: Starting background job processing [] {"url":"/churchcrm/api/background/timerjobs","remote_ip":"::1","correlation_id":"5ecf67483d06a"}
[2020-05-28 09:24:56] defaultLogger.INFO: Starting application integrity check [] {"url":"/churchcrm/api/background/timerjobs","remote_ip":"::1","correlation_id":"5ecf67483d06a"}
[2020-05-28 09:24:56] defaultLogger.INFO: Signature file found at: /var/www/html/churchcrm/signatures.json [] {"url":"/churchcrm/api/background/timerjobs","remote_ip":"::1","correlation_id":"5ecf67483d06a"}
[2020-05-28 09:24:56] defaultLogger.WARNING: File hash mismatch: ChurchCRM/Config/Menu/Menu.php. Expected: 5390d0a60e24bb8560c02a08a10c0b542ba7da03; Got: fea45ff4aa0c25b54e9f632d63639363fcceaf9f [] {"url":"/churchcrm/api/background/timerjobs","remote_ip":"::1","correlation_id":"5ecf67483d06a"}
[2020-05-28 09:24:56] defaultLogger.WARNING: Application integrity check failed: One or more files failed signature validation [] {"url":"/churchcrm/api/background/timerjobs","remote_ip":"::1","correlation_id":"5ecf67483d06a"}
[2020-05-28 09:24:58] defaultLogger.INFO: Finished background job processing [] {"url":"/churchcrm/api/background/timerjobs","remote_ip":"::1","correlation_id":"5ecf67483d06a"}
[2020-05-28 09:25:04] defaultLogger.INFO: Next upgrade step for 4.0.3 is : 4.0.4 [] {"url":"/churchcrm/sundayschool/SundaySchoolDashboard.php","remote_ip":"::1","correlation_id":"5ecf6750536d9"}
[2020-05-28 09:25:05] defaultLogger.INFO: Starting background job processing [] {"url":"/churchcrm/api/background/timerjobs","remote_ip":"::1","correlation_id":"5ecf67517aca7"}
[2020-05-28 09:25:05] defaultLogger.INFO: Starting application integrity check [] {"url":"/churchcrm/api/background/timerjobs","remote_ip":"::1","correlation_id":"5ecf67517aca7"}
[2020-05-28 09:25:05] defaultLogger.INFO: Signature file found at: /var/www/html/churchcrm/signatures.json [] {"url":"/churchcrm/api/background/timerjobs","remote_ip":"::1","correlation_id":"5ecf67517aca7"}
[2020-05-28 09:25:05] defaultLogger.WARNING: File hash mismatch: ChurchCRM/Config/Menu/Menu.php. Expected: 5390d0a60e24bb8560c02a08a10c0b542ba7da03; Got: fea45ff4aa0c25b54e9f632d63639363fcceaf9f [] {"url":"/churchcrm/api/background/timerjobs","remote_ip":"::1","correlation_id":"5ecf67517aca7"}
[2020-05-28 09:25:06] defaultLogger.WARNING: Application integrity check failed: One or more files failed signature validation [] {"url":"/churchcrm/api/background/timerjobs","remote_ip":"::1","correlation_id":"5ecf67517aca7"}
[2020-05-28 09:25:07] defaultLogger.INFO: Finished background job processing [] {"url":"/churchcrm/api/background/timerjobs","remote_ip":"::1","correlation_id":"5ecf67517aca7"}
[2020-05-28 09:27:03] defaultLogger.INFO: Next upgrade step for 4.0.3 is : 4.0.4 [] {"url":"/churchcrm/sundayschool/SundaySchoolDashboard.php","remote_ip":"::1","correlation_id":"5ecf67c7b6283"}
[2020-05-28 09:27:05] defaultLogger.INFO: Starting background job processing [] {"url":"/churchcrm/api/background/timerjobs","remote_ip":"::1","correlation_id":"5ecf67c9273eb"}
[2020-05-28 09:27:05] defaultLogger.INFO: Starting application integrity check [] {"url":"/churchcrm/api/background/timerjobs","remote_ip":"::1","correlation_id":"5ecf67c9273eb"}
[2020-05-28 09:27:05] defaultLogger.INFO: Signature file found at: /var/www/html/churchcrm/signatures.json [] {"url":"/churchcrm/api/background/timerjobs","remote_ip":"::1","correlation_id":"5ecf67c9273eb"}
[2020-05-28 09:27:05] defaultLogger.WARNING: File hash mismatch: ChurchCRM/Config/Menu/Menu.php. Expected: 5390d0a60e24bb8560c02a08a10c0b542ba7da03; Got: fea45ff4aa0c25b54e9f632d63639363fcceaf9f [] {"url":"/churchcrm/api/background/timerjobs","remote_ip":"::1","correlation_id":"5ecf67c9273eb"}
[2020-05-28 09:27:05] defaultLogger.WARNING: Application integrity check failed: One or more files failed signature validation [] {"url":"/churchcrm/api/background/timerjobs","remote_ip":"::1","correlation_id":"5ecf67c9273eb"}
[2020-05-28 09:27:06] defaultLogger.INFO: Finished background job processing [] {"url":"/churchcrm/api/background/timerjobs","remote_ip":"::1","correlation_id":"5ecf67c9273eb"}
[2020-05-28 09:27:15] defaultLogger.INFO: Next upgrade step for 4.0.3 is : 4.0.4 [] {"url":"/churchcrm/sundayschool/SundaySchoolDashboard.php","remote_ip":"::1","correlation_id":"5ecf67d3a36e5"}
[2020-05-28 09:27:16] defaultLogger.INFO: Starting background job processing [] {"url":"/churchcrm/api/background/timerjobs","remote_ip":"::1","correlation_id":"5ecf67d4d133f"}
[2020-05-28 09:27:16] defaultLogger.INFO: Starting application integrity check [] {"url":"/churchcrm/api/background/timerjobs","remote_ip":"::1","correlation_id":"5ecf67d4d133f"}
[2020-05-28 09:27:16] defaultLogger.INFO: Signature file found at: /var/www/html/churchcrm/signatures.json [] {"url":"/churchcrm/api/background/timerjobs","remote_ip":"::1","correlation_id":"5ecf67d4d133f"}
[2020-05-28 09:27:16] defaultLogger.WARNING: File hash mismatch: ChurchCRM/Config/Menu/Menu.php. Expected: 5390d0a60e24bb8560c02a08a10c0b542ba7da03; Got: fea45ff4aa0c25b54e9f632d63639363fcceaf9f [] {"url":"/churchcrm/api/background/timerjobs","remote_ip":"::1","correlation_id":"5ecf67d4d133f"}
[2020-05-28 09:27:17] defaultLogger.WARNING: Application integrity check failed: One or more files failed signature validation [] {"url":"/churchcrm/api/background/timerjobs","remote_ip":"::1","correlation_id":"5ecf67d4d133f"}
[2020-05-28 09:27:18] defaultLogger.INFO: Finished background job processing [] {"url":"/churchcrm/api/background/timerjobs","remote_ip":"::1","correlation_id":"5ecf67d4d133f"}
[2020-05-28 09:28:42] defaultLogger.INFO: Next upgrade step for 4.0.3 is : 4.0.4 [] {"url":"/churchcrm/sundayschool/SundaySchoolDashboard.php","remote_ip":"::1","correlation_id":"5ecf682aacf8d"}
[2020-05-28 09:28:44] defaultLogger.INFO: Starting background job processing [] {"url":"/churchcrm/api/background/timerjobs","remote_ip":"::1","correlation_id":"5ecf682c1a9b1"}
[2020-05-28 09:28:44] defaultLogger.INFO: Starting application integrity check [] {"url":"/churchcrm/api/background/timerjobs","remote_ip":"::1","correlation_id":"5ecf682c1a9b1"}
[2020-05-28 09:28:44] defaultLogger.INFO: Signature file found at: /var/www/html/churchcrm/signatures.json [] {"url":"/churchcrm/api/background/timerjobs","remote_ip":"::1","correlation_id":"5ecf682c1a9b1"}
[2020-05-28 09:28:44] defaultLogger.WARNING: File hash mismatch: ChurchCRM/Config/Menu/Menu.php. Expected: 5390d0a60e24bb8560c02a08a10c0b542ba7da03; Got: fea45ff4aa0c25b54e9f632d63639363fcceaf9f [] {"url":"/churchcrm/api/background/timerjobs","remote_ip":"::1","correlation_id":"5ecf682c1a9b1"}
[2020-05-28 09:28:44] defaultLogger.WARNING: Application integrity check failed: One or more files failed signature validation [] {"url":"/churchcrm/api/background/timerjobs","remote_ip":"::1","correlation_id":"5ecf682c1a9b1"}
[2020-05-28 09:31:14] defaultLogger.INFO: Next upgrade step for 4.0.3 is : 4.0.4 [] {"url":"/churchcrm/sundayschool/SundaySchoolDashboard.php","remote_ip":"::1","correlation_id":"5ecf68c25aff0"}
[2020-05-28 09:31:16] defaultLogger.INFO: Next upgrade step for 4.0.3 is : 4.0.4 [] {"url":"/churchcrm/sundayschool/SundaySchoolDashboard.php","remote_ip":"::1","correlation_id":"5ecf68c442e43"}
[2020-05-28 09:31:17] defaultLogger.INFO: Starting background job processing [] {"url":"/churchcrm/api/background/timerjobs","remote_ip":"::1","correlation_id":"5ecf68c588088"}
[2020-05-28 09:31:17] defaultLogger.INFO: Starting application integrity check [] {"url":"/churchcrm/api/background/timerjobs","remote_ip":"::1","correlation_id":"5ecf68c588088"}
[2020-05-28 09:31:17] defaultLogger.INFO: Signature file found at: /var/www/html/churchcrm/signatures.json [] {"url":"/churchcrm/api/background/timerjobs","remote_ip":"::1","correlation_id":"5ecf68c588088"}
[2020-05-28 09:31:17] defaultLogger.WARNING: File hash mismatch: ChurchCRM/Config/Menu/Menu.php. Expected: 5390d0a60e24bb8560c02a08a10c0b542ba7da03; Got: fea45ff4aa0c25b54e9f632d63639363fcceaf9f [] {"url":"/churchcrm/api/background/timerjobs","remote_ip":"::1","correlation_id":"5ecf68c588088"}
[2020-05-28 09:31:17] defaultLogger.WARNING: Application integrity check failed: One or more files failed signature validation [] {"url":"/churchcrm/api/background/timerjobs","remote_ip":"::1","correlation_id":"5ecf68c588088"}
[2020-05-28 09:31:19] defaultLogger.INFO: Finished background job processing [] {"url":"/churchcrm/api/background/timerjobs","remote_ip":"::1","correlation_id":"5ecf68c588088"}
[2020-05-28 09:32:15] defaultLogger.INFO: Next upgrade step for 4.0.3 is : 4.0.4 [] {"url":"/churchcrm/sundayschool/SundaySchoolDashboard.php","remote_ip":"::1","correlation_id":"5ecf68ffe36a5"}
[2020-05-28 09:32:17] defaultLogger.INFO: Starting background job processing [] {"url":"/churchcrm/api/background/timerjobs","remote_ip":"::1","correlation_id":"5ecf69012cb87"}
[2020-05-28 09:32:17] defaultLogger.INFO: Starting application integrity check [] {"url":"/churchcrm/api/background/timerjobs","remote_ip":"::1","correlation_id":"5ecf69012cb87"}
[2020-05-28 09:32:17] defaultLogger.INFO: Signature file found at: /var/www/html/churchcrm/signatures.json [] {"url":"/churchcrm/api/background/timerjobs","remote_ip":"::1","correlation_id":"5ecf69012cb87"}
[2020-05-28 09:32:17] defaultLogger.WARNING: File hash mismatch: ChurchCRM/Config/Menu/Menu.php. Expected: 5390d0a60e24bb8560c02a08a10c0b542ba7da03; Got: 5e9c2a9200e260366c396199034ab5ce2a706194 [] {"url":"/churchcrm/api/background/timerjobs","remote_ip":"::1","correlation_id":"5ecf69012cb87"}
[2020-05-28 09:32:17] defaultLogger.WARNING: Application integrity check failed: One or more files failed signature validation [] {"url":"/churchcrm/api/background/timerjobs","remote_ip":"::1","correlation_id":"5ecf69012cb87"}
[2020-05-28 09:32:19] defaultLogger.INFO: Finished background job processing [] {"url":"/churchcrm/api/background/timerjobs","remote_ip":"::1","correlation_id":"5ecf69012cb87"}
[2020-05-28 09:32:23] defaultLogger.INFO: Next upgrade step for 4.0.3 is : 4.0.4 [] {"url":"/churchcrm/assetmanagement/AssetManagementDashboard.php","remote_ip":"::1","correlation_id":"5ecf690708874"}
[2020-05-28 09:32:23] defaultLogger.INFO: Starting background job processing [] {"url":"/churchcrm/api/background/timerjobs","remote_ip":"::1","correlation_id":"5ecf6907f285e"}
[2020-05-28 09:32:23] defaultLogger.INFO: Starting application integrity check [] {"url":"/churchcrm/api/background/timerjobs","remote_ip":"::1","correlation_id":"5ecf6907f285e"}
[2020-05-28 09:32:23] defaultLogger.INFO: Signature file found at: /var/www/html/churchcrm/signatures.json [] {"url":"/churchcrm/api/background/timerjobs","remote_ip":"::1","correlation_id":"5ecf6907f285e"}
[2020-05-28 09:32:24] defaultLogger.WARNING: File hash mismatch: ChurchCRM/Config/Menu/Menu.php. Expected: 5390d0a60e24bb8560c02a08a10c0b542ba7da03; Got: 5e9c2a9200e260366c396199034ab5ce2a706194 [] {"url":"/churchcrm/api/background/timerjobs","remote_ip":"::1","correlation_id":"5ecf6907f285e"}
[2020-05-28 09:32:24] defaultLogger.WARNING: Application integrity check failed: One or more files failed signature validation [] {"url":"/churchcrm/api/background/timerjobs","remote_ip":"::1","correlation_id":"5ecf6907f285e"}
[2020-05-28 09:32:25] defaultLogger.INFO: Finished background job processing [] {"url":"/churchcrm/api/background/timerjobs","remote_ip":"::1","correlation_id":"5ecf6907f285e"}
[2020-05-28 09:32:53] defaultLogger.INFO: Next upgrade step for 4.0.3 is : 4.0.4 [] {"url":"/churchcrm/assetmanagement/AssetManagementDashboard.php","remote_ip":"::1","correlation_id":"5ecf69252ce0e"}
[2020-05-28 09:32:54] defaultLogger.INFO: Starting background job processing [] {"url":"/churchcrm/api/background/timerjobs","remote_ip":"::1","correlation_id":"5ecf692673c8f"}
[2020-05-28 09:32:54] defaultLogger.INFO: Starting application integrity check [] {"url":"/churchcrm/api/background/timerjobs","remote_ip":"::1","correlation_id":"5ecf692673c8f"}
[2020-05-28 09:32:54] defaultLogger.INFO: Signature file found at: /var/www/html/churchcrm/signatures.json [] {"url":"/churchcrm/api/background/timerjobs","remote_ip":"::1","correlation_id":"5ecf692673c8f"}
[2020-05-28 09:32:54] defaultLogger.WARNING: File hash mismatch: ChurchCRM/Config/Menu/Menu.php. Expected: 5390d0a60e24bb8560c02a08a10c0b542ba7da03; Got: 5e9c2a9200e260366c396199034ab5ce2a706194 [] {"url":"/churchcrm/api/background/timerjobs","remote_ip":"::1","correlation_id":"5ecf692673c8f"}
[2020-05-28 09:32:54] defaultLogger.WARNING: Application integrity check failed: One or more files failed signature validation [] {"url":"/churchcrm/api/background/timerjobs","remote_ip":"::1","correlation_id":"5ecf692673c8f"}
[2020-05-28 09:32:56] defaultLogger.INFO: Finished background job processing [] {"url":"/churchcrm/api/background/timerjobs","remote_ip":"::1","correlation_id":"5ecf692673c8f"}
[2020-05-28 09:33:25] defaultLogger.INFO: Next upgrade step for 4.0.3 is : 4.0.4 [] {"url":"/churchcrm/assetmanagement/AssetManagementDashboard.php","remote_ip":"::1","correlation_id":"5ecf69451ad56"}
[2020-05-28 09:33:26] defaultLogger.INFO: Starting background job processing [] {"url":"/churchcrm/api/background/timerjobs","remote_ip":"::1","correlation_id":"5ecf69466336d"}
[2020-05-28 09:33:26] defaultLogger.INFO: Starting application integrity check [] {"url":"/churchcrm/api/background/timerjobs","remote_ip":"::1","correlation_id":"5ecf69466336d"}
[2020-05-28 09:33:26] defaultLogger.INFO: Signature file found at: /var/www/html/churchcrm/signatures.json [] {"url":"/churchcrm/api/background/timerjobs","remote_ip":"::1","correlation_id":"5ecf69466336d"}
[2020-05-28 09:33:26] defaultLogger.WARNING: File hash mismatch: ChurchCRM/Config/Menu/Menu.php. Expected: 5390d0a60e24bb8560c02a08a10c0b542ba7da03; Got: 5e9c2a9200e260366c396199034ab5ce2a706194 [] {"url":"/churchcrm/api/background/timerjobs","remote_ip":"::1","correlation_id":"5ecf69466336d"}
[2020-05-28 09:33:26] defaultLogger.WARNING: Application integrity check failed: One or more files failed signature validation [] {"url":"/churchcrm/api/background/timerjobs","remote_ip":"::1","correlation_id":"5ecf69466336d"}
[2020-05-28 09:36:40] defaultLogger.INFO: Next upgrade step for 4.0.3 is : 4.0.4 [] {"url":"/churchcrm/assetmanagement/AssetManagementDashboard.php","remote_ip":"::1","correlation_id":"5ecf6a080343b"}
[2020-05-28 09:36:41] defaultLogger.INFO: Starting background job processing [] {"url":"/churchcrm/api/background/timerjobs","remote_ip":"::1","correlation_id":"5ecf6a094e669"}
[2020-05-28 09:36:41] defaultLogger.INFO: Starting application integrity check [] {"url":"/churchcrm/api/background/timerjobs","remote_ip":"::1","correlation_id":"5ecf6a094e669"}
[2020-05-28 09:36:41] defaultLogger.INFO: Signature file found at: /var/www/html/churchcrm/signatures.json [] {"url":"/churchcrm/api/background/timerjobs","remote_ip":"::1","correlation_id":"5ecf6a094e669"}
[2020-05-28 09:36:41] defaultLogger.WARNING: File hash mismatch: ChurchCRM/Config/Menu/Menu.php. Expected: 5390d0a60e24bb8560c02a08a10c0b542ba7da03; Got: 5e9c2a9200e260366c396199034ab5ce2a706194 [] {"url":"/churchcrm/api/background/timerjobs","remote_ip":"::1","correlation_id":"5ecf6a094e669"}
[2020-05-28 09:36:41] defaultLogger.WARNING: Application integrity check failed: One or more files failed signature validation [] {"url":"/churchcrm/api/background/timerjobs","remote_ip":"::1","correlation_id":"5ecf6a094e669"}
[2020-05-28 09:36:43] defaultLogger.INFO: Finished background job processing [] {"url":"/churchcrm/api/background/timerjobs","remote_ip":"::1","correlation_id":"5ecf6a094e669"}
[2020-05-28 09:38:15] defaultLogger.INFO: Next upgrade step for 4.0.3 is : 4.0.4 [] {"url":"/churchcrm/assetmanagement/AssetManagementDashboard.php","remote_ip":"::1","correlation_id":"5ecf6a67eae2e"}
[2020-05-28 09:38:18] defaultLogger.INFO: Starting background job processing [] {"url":"/churchcrm/api/background/timerjobs","remote_ip":"::1","correlation_id":"5ecf6a6aba81e"}
[2020-05-28 09:38:18] defaultLogger.INFO: Starting application integrity check [] {"url":"/churchcrm/api/background/timerjobs","remote_ip":"::1","correlation_id":"5ecf6a6aba81e"}
[2020-05-28 09:38:18] defaultLogger.INFO: Signature file found at: /var/www/html/churchcrm/signatures.json [] {"url":"/churchcrm/api/background/timerjobs","remote_ip":"::1","correlation_id":"5ecf6a6aba81e"}
[2020-05-28 09:38:18] defaultLogger.WARNING: File hash mismatch: ChurchCRM/Config/Menu/Menu.php. Expected: 5390d0a60e24bb8560c02a08a10c0b542ba7da03; Got: 5e9c2a9200e260366c396199034ab5ce2a706194 [] {"url":"/churchcrm/api/background/timerjobs","remote_ip":"::1","correlation_id":"5ecf6a6aba81e"}
[2020-05-28 09:38:18] defaultLogger.WARNING: Application integrity check failed: One or more files failed signature validation [] {"url":"/churchcrm/api/background/timerjobs","remote_ip":"::1","correlation_id":"5ecf6a6aba81e"}
[2020-05-28 09:38:20] defaultLogger.INFO: Finished background job processing [] {"url":"/churchcrm/api/background/timerjobs","remote_ip":"::1","correlation_id":"5ecf6a6aba81e"}
[2020-05-28 09:38:49] defaultLogger.INFO: Next upgrade step for 4.0.3 is : 4.0.4 [] {"url":"/churchcrm/assetmanagement/AssetManagementDashboard.php","remote_ip":"::1","correlation_id":"5ecf6a898f0b2"}
[2020-05-28 09:38:50] defaultLogger.INFO: Starting background job processing [] {"url":"/churchcrm/api/background/timerjobs","remote_ip":"::1","correlation_id":"5ecf6a8adda4a"}
[2020-05-28 09:38:50] defaultLogger.INFO: Starting application integrity check [] {"url":"/churchcrm/api/background/timerjobs","remote_ip":"::1","correlation_id":"5ecf6a8adda4a"}
[2020-05-28 09:38:50] defaultLogger.INFO: Signature file found at: /var/www/html/churchcrm/signatures.json [] {"url":"/churchcrm/api/background/timerjobs","remote_ip":"::1","correlation_id":"5ecf6a8adda4a"}
[2020-05-28 09:38:50] defaultLogger.WARNING: File hash mismatch: ChurchCRM/Config/Menu/Menu.php. Expected: 5390d0a60e24bb8560c02a08a10c0b542ba7da03; Got: 5e9c2a9200e260366c396199034ab5ce2a706194 [] {"url":"/churchcrm/api/background/timerjobs","remote_ip":"::1","correlation_id":"5ecf6a8adda4a"}
[2020-05-28 09:38:51] defaultLogger.WARNING: Application integrity check failed: One or more files failed signature validation [] {"url":"/churchcrm/api/background/timerjobs","remote_ip":"::1","correlation_id":"5ecf6a8adda4a"}
[2020-05-28 09:38:53] defaultLogger.INFO: Finished background job processing [] {"url":"/churchcrm/api/background/timerjobs","remote_ip":"::1","correlation_id":"5ecf6a8adda4a"}
[2020-05-28 09:39:09] defaultLogger.INFO: Next upgrade step for 4.0.3 is : 4.0.4 [] {"url":"/churchcrm/assetmanagement/AssetManagementDashboard.php","remote_ip":"::1","correlation_id":"5ecf6a9dc0145"}
[2020-05-28 09:39:11] defaultLogger.INFO: Starting background job processing [] {"url":"/churchcrm/api/background/timerjobs","remote_ip":"::1","correlation_id":"5ecf6a9f10103"}
[2020-05-28 09:39:11] defaultLogger.INFO: Starting application integrity check [] {"url":"/churchcrm/api/background/timerjobs","remote_ip":"::1","correlation_id":"5ecf6a9f10103"}
[2020-05-28 09:39:11] defaultLogger.INFO: Signature file found at: /var/www/html/churchcrm/signatures.json [] {"url":"/churchcrm/api/background/timerjobs","remote_ip":"::1","correlation_id":"5ecf6a9f10103"}
[2020-05-28 09:39:11] defaultLogger.WARNING: File hash mismatch: ChurchCRM/Config/Menu/Menu.php. Expected: 5390d0a60e24bb8560c02a08a10c0b542ba7da03; Got: 5e9c2a9200e260366c396199034ab5ce2a706194 [] {"url":"/churchcrm/api/background/timerjobs","remote_ip":"::1","correlation_id":"5ecf6a9f10103"}
[2020-05-28 09:39:11] defaultLogger.WARNING: Application integrity check failed: One or more files failed signature validation [] {"url":"/churchcrm/api/background/timerjobs","remote_ip":"::1","correlation_id":"5ecf6a9f10103"}
[2020-05-28 09:39:12] defaultLogger.INFO: Finished background job processing [] {"url":"/churchcrm/api/background/timerjobs","remote_ip":"::1","correlation_id":"5ecf6a9f10103"}
[2020-05-28 09:39:32] defaultLogger.INFO: Next upgrade step for 4.0.3 is : 4.0.4 [] {"url":"/churchcrm/assetmanagement/AssetManagementDashboard.php","remote_ip":"::1","correlation_id":"5ecf6ab43fe80"}
[2020-05-28 09:39:33] defaultLogger.INFO: Starting background job processing [] {"url":"/churchcrm/api/background/timerjobs","remote_ip":"::1","correlation_id":"5ecf6ab583199"}
[2020-05-28 09:39:33] defaultLogger.INFO: Starting application integrity check [] {"url":"/churchcrm/api/background/timerjobs","remote_ip":"::1","correlation_id":"5ecf6ab583199"}
[2020-05-28 09:39:33] defaultLogger.INFO: Signature file found at: /var/www/html/churchcrm/signatures.json [] {"url":"/churchcrm/api/background/timerjobs","remote_ip":"::1","correlation_id":"5ecf6ab583199"}
[2020-05-28 09:39:33] defaultLogger.WARNING: File hash mismatch: ChurchCRM/Config/Menu/Menu.php. Expected: 5390d0a60e24bb8560c02a08a10c0b542ba7da03; Got: 5e9c2a9200e260366c396199034ab5ce2a706194 [] {"url":"/churchcrm/api/background/timerjobs","remote_ip":"::1","correlation_id":"5ecf6ab583199"}
[2020-05-28 09:39:33] defaultLogger.WARNING: Application integrity check failed: One or more files failed signature validation [] {"url":"/churchcrm/api/background/timerjobs","remote_ip":"::1","correlation_id":"5ecf6ab583199"}
[2020-05-28 09:42:03] defaultLogger.INFO: Next upgrade step for 4.0.3 is : 4.0.4 [] {"url":"/churchcrm/assetmanagement/AssetManagementDashboard.php","remote_ip":"::1","correlation_id":"5ecf6b4bcb29e"}
[2020-05-28 09:42:03] defaultLogger.INFO: Next upgrade step for 4.0.3 is : 4.0.4 [] {"url":"/churchcrm/assetmanagement/AssetManagementDashboard.php","remote_ip":"::1","correlation_id":"5ecf6b4bd3074"}
[2020-05-28 09:42:03] defaultLogger.INFO: Next upgrade step for 4.0.3 is : 4.0.4 [] {"url":"/churchcrm/assetmanagement/AssetManagementDashboard.php","remote_ip":"::1","correlation_id":"5ecf6b4bdf363"}
[2020-05-28 09:42:03] defaultLogger.INFO: Next upgrade step for 4.0.3 is : 4.0.4 [] {"url":"/churchcrm/assetmanagement/AssetManagementDashboard.php","remote_ip":"::1","correlation_id":"5ecf6b4be67bf"}
[2020-05-28 09:42:03] defaultLogger.INFO: Next upgrade step for 4.0.3 is : 4.0.4 [] {"url":"/churchcrm/assetmanagement/AssetManagementDashboard.php","remote_ip":"::1","correlation_id":"5ecf6b4beddf7"}
[2020-05-28 09:42:04] defaultLogger.INFO: Next upgrade step for 4.0.3 is : 4.0.4 [] {"url":"/churchcrm/assetmanagement/AssetManagementDashboard.php","remote_ip":"::1","correlation_id":"5ecf6b4c00610"}
[2020-05-28 09:42:04] defaultLogger.INFO: Next upgrade step for 4.0.3 is : 4.0.4 [] {"url":"/churchcrm/assetmanagement/AssetManagementDashboard.php","remote_ip":"::1","correlation_id":"5ecf6b4c0973e"}
[2020-05-28 09:42:04] defaultLogger.INFO: Next upgrade step for 4.0.3 is : 4.0.4 [] {"url":"/churchcrm/assetmanagement/AssetManagementDashboard.php","remote_ip":"::1","correlation_id":"5ecf6b4c1d574"}
[2020-05-28 09:42:04] defaultLogger.INFO: Next upgrade step for 4.0.3 is : 4.0.4 [] {"url":"/churchcrm/assetmanagement/AssetManagementDashboard.php","remote_ip":"::1","correlation_id":"5ecf6b4c2a298"}
[2020-05-28 09:42:04] defaultLogger.INFO: Next upgrade step for 4.0.3 is : 4.0.4 [] {"url":"/churchcrm/Menu.php","remote_ip":"::1","correlation_id":"5ecf6b4c33b1d"}
[2020-05-28 09:42:05] defaultLogger.INFO: Starting background job processing [] {"url":"/churchcrm/api/background/timerjobs","remote_ip":"::1","correlation_id":"5ecf6b4d8e238"}
[2020-05-28 09:42:05] defaultLogger.INFO: Starting application integrity check [] {"url":"/churchcrm/api/background/timerjobs","remote_ip":"::1","correlation_id":"5ecf6b4d8e238"}
[2020-05-28 09:42:05] defaultLogger.INFO: Signature file found at: /var/www/html/churchcrm/signatures.json [] {"url":"/churchcrm/api/background/timerjobs","remote_ip":"::1","correlation_id":"5ecf6b4d8e238"}
[2020-05-28 09:42:05] defaultLogger.WARNING: File hash mismatch: ChurchCRM/Config/Menu/Menu.php. Expected: 5390d0a60e24bb8560c02a08a10c0b542ba7da03; Got: 5e9c2a9200e260366c396199034ab5ce2a706194 [] {"url":"/churchcrm/api/background/timerjobs","remote_ip":"::1","correlation_id":"5ecf6b4d8e238"}
[2020-05-28 09:42:05] defaultLogger.WARNING: Application integrity check failed: One or more files failed signature validation [] {"url":"/churchcrm/api/background/timerjobs","remote_ip":"::1","correlation_id":"5ecf6b4d8e238"}
[2020-05-28 09:42:07] defaultLogger.INFO: Finished background job processing [] {"url":"/churchcrm/api/background/timerjobs","remote_ip":"::1","correlation_id":"5ecf6b4d8e238"}
[2020-05-28 09:42:19] defaultLogger.INFO: Next upgrade step for 4.0.3 is : 4.0.4 [] {"url":"/churchcrm/assetmanagement/AssetManagementDashboard.php","remote_ip":"::1","correlation_id":"5ecf6b5b010d9"}
[2020-05-28 09:42:20] defaultLogger.INFO: Starting background job processing [] {"url":"/churchcrm/api/background/timerjobs","remote_ip":"::1","correlation_id":"5ecf6b5c048f1"}
[2020-05-28 09:42:20] defaultLogger.INFO: Starting application integrity check [] {"url":"/churchcrm/api/background/timerjobs","remote_ip":"::1","correlation_id":"5ecf6b5c048f1"}
[2020-05-28 09:42:20] defaultLogger.INFO: Signature file found at: /var/www/html/churchcrm/signatures.json [] {"url":"/churchcrm/api/background/timerjobs","remote_ip":"::1","correlation_id":"5ecf6b5c048f1"}
[2020-05-28 09:42:20] defaultLogger.WARNING: File hash mismatch: ChurchCRM/Config/Menu/Menu.php. Expected: 5390d0a60e24bb8560c02a08a10c0b542ba7da03; Got: 5e9c2a9200e260366c396199034ab5ce2a706194 [] {"url":"/churchcrm/api/background/timerjobs","remote_ip":"::1","correlation_id":"5ecf6b5c048f1"}
[2020-05-28 09:42:20] defaultLogger.WARNING: Application integrity check failed: One or more files failed signature validation [] {"url":"/churchcrm/api/background/timerjobs","remote_ip":"::1","correlation_id":"5ecf6b5c048f1"}
[2020-05-28 09:42:21] defaultLogger.INFO: Finished background job processing [] {"url":"/churchcrm/api/background/timerjobs","remote_ip":"::1","correlation_id":"5ecf6b5c048f1"}
[2020-05-28 09:43:51] defaultLogger.INFO: Next upgrade step for 4.0.3 is : 4.0.4 [] {"url":"/churchcrm/assetmanagement/AssetManagementDashboard.php","remote_ip":"::1","correlation_id":"5ecf6bb739e14"}
[2020-05-28 09:43:52] defaultLogger.INFO: Starting background job processing [] {"url":"/churchcrm/api/background/timerjobs","remote_ip":"::1","correlation_id":"5ecf6bb879048"}
[2020-05-28 09:43:52] defaultLogger.INFO: Starting application integrity check [] {"url":"/churchcrm/api/background/timerjobs","remote_ip":"::1","correlation_id":"5ecf6bb879048"}
[2020-05-28 09:43:52] defaultLogger.INFO: Signature file found at: /var/www/html/churchcrm/signatures.json [] {"url":"/churchcrm/api/background/timerjobs","remote_ip":"::1","correlation_id":"5ecf6bb879048"}
[2020-05-28 09:43:52] defaultLogger.WARNING: File hash mismatch: ChurchCRM/Config/Menu/Menu.php. Expected: 5390d0a60e24bb8560c02a08a10c0b542ba7da03; Got: 5e9c2a9200e260366c396199034ab5ce2a706194 [] {"url":"/churchcrm/api/background/timerjobs","remote_ip":"::1","correlation_id":"5ecf6bb879048"}
[2020-05-28 09:43:52] defaultLogger.WARNING: Application integrity check failed: One or more files failed signature validation [] {"url":"/churchcrm/api/background/timerjobs","remote_ip":"::1","correlation_id":"5ecf6bb879048"}
[2020-05-28 09:43:54] defaultLogger.INFO: Finished background job processing [] {"url":"/churchcrm/api/background/timerjobs","remote_ip":"::1","correlation_id":"5ecf6bb879048"}
[2020-05-28 09:44:19] defaultLogger.INFO: Next upgrade step for 4.0.3 is : 4.0.4 [] {"url":"/churchcrm/assetmanagement/AssetManagementDashboard.php","remote_ip":"::1","correlation_id":"5ecf6bd310e65"}
[2020-05-28 09:44:20] defaultLogger.INFO: Starting background job processing [] {"url":"/churchcrm/api/background/timerjobs","remote_ip":"::1","correlation_id":"5ecf6bd449394"}
[2020-05-28 09:44:20] defaultLogger.INFO: Starting application integrity check [] {"url":"/churchcrm/api/background/timerjobs","remote_ip":"::1","correlation_id":"5ecf6bd449394"}
[2020-05-28 09:44:20] defaultLogger.INFO: Signature file found at: /var/www/html/churchcrm/signatures.json [] {"url":"/churchcrm/api/background/timerjobs","remote_ip":"::1","correlation_id":"5ecf6bd449394"}
[2020-05-28 09:44:20] defaultLogger.WARNING: File hash mismatch: ChurchCRM/Config/Menu/Menu.php. Expected: 5390d0a60e24bb8560c02a08a10c0b542ba7da03; Got: 5e9c2a9200e260366c396199034ab5ce2a706194 [] {"url":"/churchcrm/api/background/timerjobs","remote_ip":"::1","correlation_id":"5ecf6bd449394"}
[2020-05-28 09:44:20] defaultLogger.WARNING: Application integrity check failed: One or more files failed signature validation [] {"url":"/churchcrm/api/background/timerjobs","remote_ip":"::1","correlation_id":"5ecf6bd449394"}
[2020-05-28 09:44:22] defaultLogger.INFO: Finished background job processing [] {"url":"/churchcrm/api/background/timerjobs","remote_ip":"::1","correlation_id":"5ecf6bd449394"}
[2020-05-28 09:45:42] defaultLogger.INFO: Next upgrade step for 4.0.3 is : 4.0.4 [] {"url":"/churchcrm/assetmanagement/AssetManagementDashboard.php","remote_ip":"::1","correlation_id":"5ecf6c265b591"}
[2020-05-28 09:45:43] defaultLogger.INFO: Starting background job processing [] {"url":"/churchcrm/api/background/timerjobs","remote_ip":"::1","correlation_id":"5ecf6c2799189"}
[2020-05-28 09:45:43] defaultLogger.INFO: Starting application integrity check [] {"url":"/churchcrm/api/background/timerjobs","remote_ip":"::1","correlation_id":"5ecf6c2799189"}
[2020-05-28 09:45:43] defaultLogger.INFO: Signature file found at: /var/www/html/churchcrm/signatures.json [] {"url":"/churchcrm/api/background/timerjobs","remote_ip":"::1","correlation_id":"5ecf6c2799189"}
[2020-05-28 09:45:43] defaultLogger.WARNING: File hash mismatch: ChurchCRM/Config/Menu/Menu.php. Expected: 5390d0a60e24bb8560c02a08a10c0b542ba7da03; Got: 5e9c2a9200e260366c396199034ab5ce2a706194 [] {"url":"/churchcrm/api/background/timerjobs","remote_ip":"::1","correlation_id":"5ecf6c2799189"}
[2020-05-28 09:45:43] defaultLogger.WARNING: Application integrity check failed: One or more files failed signature validation [] {"url":"/churchcrm/api/background/timerjobs","remote_ip":"::1","correlation_id":"5ecf6c2799189"}
[2020-05-28 09:45:45] defaultLogger.INFO: Finished background job processing [] {"url":"/churchcrm/api/background/timerjobs","remote_ip":"::1","correlation_id":"5ecf6c2799189"}
[2020-05-28 09:49:12] defaultLogger.INFO: Next upgrade step for 4.0.3 is : 4.0.4 [] {"url":"/churchcrm/assetmanagement/AssetManagementDashboard.php","remote_ip":"::1","correlation_id":"5ecf6cf88d511"}
[2020-05-28 09:49:15] defaultLogger.INFO: Starting background job processing [] {"url":"/churchcrm/api/background/timerjobs","remote_ip":"::1","correlation_id":"5ecf6cfbb635b"}
[2020-05-28 09:49:15] defaultLogger.INFO: Starting application integrity check [] {"url":"/churchcrm/api/background/timerjobs","remote_ip":"::1","correlation_id":"5ecf6cfbb635b"}
[2020-05-28 09:49:15] defaultLogger.INFO: Signature file found at: /var/www/html/churchcrm/signatures.json [] {"url":"/churchcrm/api/background/timerjobs","remote_ip":"::1","correlation_id":"5ecf6cfbb635b"}
[2020-05-28 09:49:15] defaultLogger.WARNING: File hash mismatch: ChurchCRM/Config/Menu/Menu.php. Expected: 5390d0a60e24bb8560c02a08a10c0b542ba7da03; Got: 5e9c2a9200e260366c396199034ab5ce2a706194 [] {"url":"/churchcrm/api/background/timerjobs","remote_ip":"::1","correlation_id":"5ecf6cfbb635b"}
[2020-05-28 09:49:15] defaultLogger.WARNING: Application integrity check failed: One or more files failed signature validation [] {"url":"/churchcrm/api/background/timerjobs","remote_ip":"::1","correlation_id":"5ecf6cfbb635b"}
[2020-05-28 09:49:17] defaultLogger.INFO: Finished background job processing [] {"url":"/churchcrm/api/background/timerjobs","remote_ip":"::1","correlation_id":"5ecf6cfbb635b"}
[2020-05-28 09:51:11] defaultLogger.INFO: Next upgrade step for 4.0.3 is : 4.0.4 [] {"url":"/churchcrm/assetmanagement/AssetManagementDashboard.php","remote_ip":"::1","correlation_id":"5ecf6d6f372c5"}
[2020-05-28 09:51:12] defaultLogger.INFO: Starting background job processing [] {"url":"/churchcrm/api/background/timerjobs","remote_ip":"::1","correlation_id":"5ecf6d7066dc6"}
[2020-05-28 09:51:12] defaultLogger.INFO: Starting application integrity check [] {"url":"/churchcrm/api/background/timerjobs","remote_ip":"::1","correlation_id":"5ecf6d7066dc6"}
[2020-05-28 09:51:12] defaultLogger.INFO: Signature file found at: /var/www/html/churchcrm/signatures.json [] {"url":"/churchcrm/api/background/timerjobs","remote_ip":"::1","correlation_id":"5ecf6d7066dc6"}
[2020-05-28 09:51:12] defaultLogger.WARNING: File hash mismatch: ChurchCRM/Config/Menu/Menu.php. Expected: 5390d0a60e24bb8560c02a08a10c0b542ba7da03; Got: 5e9c2a9200e260366c396199034ab5ce2a706194 [] {"url":"/churchcrm/api/background/timerjobs","remote_ip":"::1","correlation_id":"5ecf6d7066dc6"}
[2020-05-28 09:51:12] defaultLogger.WARNING: Application integrity check failed: One or more files failed signature validation [] {"url":"/churchcrm/api/background/timerjobs","remote_ip":"::1","correlation_id":"5ecf6d7066dc6"}
[2020-05-28 09:51:14] defaultLogger.INFO: Finished background job processing [] {"url":"/churchcrm/api/background/timerjobs","remote_ip":"::1","correlation_id":"5ecf6d7066dc6"}
[2020-05-28 09:51:35] defaultLogger.INFO: Next upgrade step for 4.0.3 is : 4.0.4 [] {"url":"/churchcrm/assetmanagement/AssetManagementDashboard.php","remote_ip":"::1","correlation_id":"5ecf6d87058f4"}
[2020-05-28 09:51:36] defaultLogger.INFO: Starting background job processing [] {"url":"/churchcrm/api/background/timerjobs","remote_ip":"::1","correlation_id":"5ecf6d8834d5f"}
[2020-05-28 09:51:36] defaultLogger.INFO: Starting application integrity check [] {"url":"/churchcrm/api/background/timerjobs","remote_ip":"::1","correlation_id":"5ecf6d8834d5f"}
[2020-05-28 09:51:36] defaultLogger.INFO: Signature file found at: /var/www/html/churchcrm/signatures.json [] {"url":"/churchcrm/api/background/timerjobs","remote_ip":"::1","correlation_id":"5ecf6d8834d5f"}
[2020-05-28 09:51:36] defaultLogger.WARNING: File hash mismatch: ChurchCRM/Config/Menu/Menu.php. Expected: 5390d0a60e24bb8560c02a08a10c0b542ba7da03; Got: 5e9c2a9200e260366c396199034ab5ce2a706194 [] {"url":"/churchcrm/api/background/timerjobs","remote_ip":"::1","correlation_id":"5ecf6d8834d5f"}
[2020-05-28 09:51:36] defaultLogger.WARNING: Application integrity check failed: One or more files failed signature validation [] {"url":"/churchcrm/api/background/timerjobs","remote_ip":"::1","correlation_id":"5ecf6d8834d5f"}
[2020-05-28 09:51:37] defaultLogger.INFO: Finished background job processing [] {"url":"/churchcrm/api/background/timerjobs","remote_ip":"::1","correlation_id":"5ecf6d8834d5f"}
[2020-05-28 09:52:49] defaultLogger.INFO: Next upgrade step for 4.0.3 is : 4.0.4 [] {"url":"/churchcrm/assetmanagement/AssetManagementDashboard.php","remote_ip":"::1","correlation_id":"5ecf6dd186d3c"}
[2020-05-28 09:52:50] defaultLogger.INFO: Starting background job processing [] {"url":"/churchcrm/api/background/timerjobs","remote_ip":"::1","correlation_id":"5ecf6dd2c62e4"}
[2020-05-28 09:52:50] defaultLogger.INFO: Starting application integrity check [] {"url":"/churchcrm/api/background/timerjobs","remote_ip":"::1","correlation_id":"5ecf6dd2c62e4"}
[2020-05-28 09:52:50] defaultLogger.INFO: Signature file found at: /var/www/html/churchcrm/signatures.json [] {"url":"/churchcrm/api/background/timerjobs","remote_ip":"::1","correlation_id":"5ecf6dd2c62e4"}
[2020-05-28 09:52:50] defaultLogger.WARNING: File hash mismatch: ChurchCRM/Config/Menu/Menu.php. Expected: 5390d0a60e24bb8560c02a08a10c0b542ba7da03; Got: 5e9c2a9200e260366c396199034ab5ce2a706194 [] {"url":"/churchcrm/api/background/timerjobs","remote_ip":"::1","correlation_id":"5ecf6dd2c62e4"}
[2020-05-28 09:52:51] defaultLogger.WARNING: Application integrity check failed: One or more files failed signature validation [] {"url":"/churchcrm/api/background/timerjobs","remote_ip":"::1","correlation_id":"5ecf6dd2c62e4"}
[2020-05-28 09:52:52] defaultLogger.INFO: Finished background job processing [] {"url":"/churchcrm/api/background/timerjobs","remote_ip":"::1","correlation_id":"5ecf6dd2c62e4"}
[2020-05-28 09:55:02] defaultLogger.INFO: Next upgrade step for 4.0.3 is : 4.0.4 [] {"url":"/churchcrm/assetmanagement/AssetManagementDashboard.php","remote_ip":"::1","correlation_id":"5ecf6e566ce86"}
[2020-05-28 09:55:06] defaultLogger.INFO: Starting background job processing [] {"url":"/churchcrm/api/background/timerjobs","remote_ip":"::1","correlation_id":"5ecf6e5a2cbc8"}
[2020-05-28 09:55:06] defaultLogger.INFO: Starting application integrity check [] {"url":"/churchcrm/api/background/timerjobs","remote_ip":"::1","correlation_id":"5ecf6e5a2cbc8"}
[2020-05-28 09:55:06] defaultLogger.INFO: Signature file found at: /var/www/html/churchcrm/signatures.json [] {"url":"/churchcrm/api/background/timerjobs","remote_ip":"::1","correlation_id":"5ecf6e5a2cbc8"}
[2020-05-28 09:55:06] defaultLogger.WARNING: File hash mismatch: ChurchCRM/Config/Menu/Menu.php. Expected: 5390d0a60e24bb8560c02a08a10c0b542ba7da03; Got: 5e9c2a9200e260366c396199034ab5ce2a706194 [] {"url":"/churchcrm/api/background/timerjobs","remote_ip":"::1","correlation_id":"5ecf6e5a2cbc8"}
[2020-05-28 09:55:06] defaultLogger.WARNING: Application integrity check failed: One or more files failed signature validation [] {"url":"/churchcrm/api/background/timerjobs","remote_ip":"::1","correlation_id":"5ecf6e5a2cbc8"}
[2020-05-28 09:55:08] defaultLogger.INFO: Finished background job processing [] {"url":"/churchcrm/api/background/timerjobs","remote_ip":"::1","correlation_id":"5ecf6e5a2cbc8"}
[2020-05-28 09:56:04] defaultLogger.INFO: Next upgrade step for 4.0.3 is : 4.0.4 [] {"url":"/churchcrm/assetmanagement/AssetManagementDashboard.php","remote_ip":"::1","correlation_id":"5ecf6e94caea5"}
[2020-05-28 09:56:06] defaultLogger.INFO: Starting background job processing [] {"url":"/churchcrm/api/background/timerjobs","remote_ip":"::1","correlation_id":"5ecf6e961162e"}
[2020-05-28 09:56:06] defaultLogger.INFO: Starting application integrity check [] {"url":"/churchcrm/api/background/timerjobs","remote_ip":"::1","correlation_id":"5ecf6e961162e"}
[2020-05-28 09:56:06] defaultLogger.INFO: Signature file found at: /var/www/html/churchcrm/signatures.json [] {"url":"/churchcrm/api/background/timerjobs","remote_ip":"::1","correlation_id":"5ecf6e961162e"}
[2020-05-28 09:56:06] defaultLogger.WARNING: File hash mismatch: ChurchCRM/Config/Menu/Menu.php. Expected: 5390d0a60e24bb8560c02a08a10c0b542ba7da03; Got: 5e9c2a9200e260366c396199034ab5ce2a706194 [] {"url":"/churchcrm/api/background/timerjobs","remote_ip":"::1","correlation_id":"5ecf6e961162e"}
[2020-05-28 09:56:06] defaultLogger.WARNING: Application integrity check failed: One or more files failed signature validation [] {"url":"/churchcrm/api/background/timerjobs","remote_ip":"::1","correlation_id":"5ecf6e961162e"}
[2020-05-28 09:56:08] defaultLogger.INFO: Finished background job processing [] {"url":"/churchcrm/api/background/timerjobs","remote_ip":"::1","correlation_id":"5ecf6e961162e"}
[2020-05-28 09:57:15] defaultLogger.INFO: Next upgrade step for 4.0.3 is : 4.0.4 [] {"url":"/churchcrm/assetmanagement/AssetManagementDashboard.php","remote_ip":"::1","correlation_id":"5ecf6edba063e"}
[2020-05-28 09:57:16] defaultLogger.INFO: Starting background job processing [] {"url":"/churchcrm/api/background/timerjobs","remote_ip":"::1","correlation_id":"5ecf6edcde050"}
[2020-05-28 09:57:16] defaultLogger.INFO: Starting application integrity check [] {"url":"/churchcrm/api/background/timerjobs","remote_ip":"::1","correlation_id":"5ecf6edcde050"}
[2020-05-28 09:57:16] defaultLogger.INFO: Signature file found at: /var/www/html/churchcrm/signatures.json [] {"url":"/churchcrm/api/background/timerjobs","remote_ip":"::1","correlation_id":"5ecf6edcde050"}
[2020-05-28 09:57:16] defaultLogger.WARNING: File hash mismatch: ChurchCRM/Config/Menu/Menu.php. Expected: 5390d0a60e24bb8560c02a08a10c0b542ba7da03; Got: f46fd57dbd0a87c3087b64793b9dd0d2a8585683 [] {"url":"/churchcrm/api/background/timerjobs","remote_ip":"::1","correlation_id":"5ecf6edcde050"}
[2020-05-28 09:57:17] defaultLogger.WARNING: Application integrity check failed: One or more files failed signature validation [] {"url":"/churchcrm/api/background/timerjobs","remote_ip":"::1","correlation_id":"5ecf6edcde050"}
[2020-05-28 09:57:19] defaultLogger.INFO: Finished background job processing [] {"url":"/churchcrm/api/background/timerjobs","remote_ip":"::1","correlation_id":"5ecf6edcde050"}
[2020-05-28 09:58:51] defaultLogger.INFO: Next upgrade step for 4.0.3 is : 4.0.4 [] {"url":"/churchcrm/assetmanagement/AssetManagementDashboard.php","remote_ip":"::1","correlation_id":"5ecf6f3bad7cb"}
[2020-05-28 09:58:53] defaultLogger.INFO: Starting background job processing [] {"url":"/churchcrm/api/background/timerjobs","remote_ip":"::1","correlation_id":"5ecf6f3d66ec1"}
[2020-05-28 09:58:53] defaultLogger.INFO: Starting application integrity check [] {"url":"/churchcrm/api/background/timerjobs","remote_ip":"::1","correlation_id":"5ecf6f3d66ec1"}
[2020-05-28 09:58:53] defaultLogger.INFO: Signature file found at: /var/www/html/churchcrm/signatures.json [] {"url":"/churchcrm/api/background/timerjobs","remote_ip":"::1","correlation_id":"5ecf6f3d66ec1"}
[2020-05-28 09:58:53] defaultLogger.WARNING: File hash mismatch: ChurchCRM/Config/Menu/Menu.php. Expected: 5390d0a60e24bb8560c02a08a10c0b542ba7da03; Got: 421bfedf67b19742f5a09727670fd67d3141e500 [] {"url":"/churchcrm/api/background/timerjobs","remote_ip":"::1","correlation_id":"5ecf6f3d66ec1"}
[2020-05-28 09:58:53] defaultLogger.WARNING: Application integrity check failed: One or more files failed signature validation [] {"url":"/churchcrm/api/background/timerjobs","remote_ip":"::1","correlation_id":"5ecf6f3d66ec1"}
[2020-05-28 09:58:55] defaultLogger.INFO: Finished background job processing [] {"url":"/churchcrm/api/background/timerjobs","remote_ip":"::1","correlation_id":"5ecf6f3d66ec1"}
[2020-05-28 09:58:59] defaultLogger.INFO: Next upgrade step for 4.0.3 is : 4.0.4 [] {"url":"/churchcrm/assetmanagement/AssetManagementDashboard.php","remote_ip":"::1","correlation_id":"5ecf6f43d723b"}
[2020-05-28 09:59:00] defaultLogger.INFO: Next upgrade step for 4.0.3 is : 4.0.4 [] {"url":"/churchcrm/assetmanagement/AssetManagementDashboard.php","remote_ip":"::1","correlation_id":"5ecf6f444a4ca"}
[2020-05-28 09:59:01] defaultLogger.INFO: Starting background job processing [] {"url":"/churchcrm/api/background/timerjobs","remote_ip":"::1","correlation_id":"5ecf6f4595d34"}
[2020-05-28 09:59:01] defaultLogger.INFO: Starting application integrity check [] {"url":"/churchcrm/api/background/timerjobs","remote_ip":"::1","correlation_id":"5ecf6f4595d34"}
[2020-05-28 09:59:01] defaultLogger.INFO: Signature file found at: /var/www/html/churchcrm/signatures.json [] {"url":"/churchcrm/api/background/timerjobs","remote_ip":"::1","correlation_id":"5ecf6f4595d34"}
[2020-05-28 09:59:01] defaultLogger.WARNING: File hash mismatch: ChurchCRM/Config/Menu/Menu.php. Expected: 5390d0a60e24bb8560c02a08a10c0b542ba7da03; Got: 421bfedf67b19742f5a09727670fd67d3141e500 [] {"url":"/churchcrm/api/background/timerjobs","remote_ip":"::1","correlation_id":"5ecf6f4595d34"}
[2020-05-28 09:59:01] defaultLogger.WARNING: Application integrity check failed: One or more files failed signature validation [] {"url":"/churchcrm/api/background/timerjobs","remote_ip":"::1","correlation_id":"5ecf6f4595d34"}
[2020-05-28 10:01:31] defaultLogger.INFO: Next upgrade step for 4.0.3 is : 4.0.4 [] {"url":"/churchcrm/assetmanagement/AssetManagementDashboard.php","remote_ip":"::1","correlation_id":"5ecf6fdbe3375"}
[2020-05-28 10:01:33] defaultLogger.INFO: Starting background job processing [] {"url":"/churchcrm/api/background/timerjobs","remote_ip":"::1","correlation_id":"5ecf6fddc3f36"}
[2020-05-28 10:01:33] defaultLogger.INFO: Starting application integrity check [] {"url":"/churchcrm/api/background/timerjobs","remote_ip":"::1","correlation_id":"5ecf6fddc3f36"}
[2020-05-28 10:01:33] defaultLogger.INFO: Signature file found at: /var/www/html/churchcrm/signatures.json [] {"url":"/churchcrm/api/background/timerjobs","remote_ip":"::1","correlation_id":"5ecf6fddc3f36"}
[2020-05-28 10:01:33] defaultLogger.WARNING: File hash mismatch: ChurchCRM/Config/Menu/Menu.php. Expected: 5390d0a60e24bb8560c02a08a10c0b542ba7da03; Got: ebad82960adffc9dbe4af47b1739584c8c8aa41a [] {"url":"/churchcrm/api/background/timerjobs","remote_ip":"::1","correlation_id":"5ecf6fddc3f36"}
[2020-05-28 10:01:34] defaultLogger.WARNING: Application integrity check failed: One or more files failed signature validation [] {"url":"/churchcrm/api/background/timerjobs","remote_ip":"::1","correlation_id":"5ecf6fddc3f36"}
[2020-05-28 10:01:35] defaultLogger.INFO: Finished background job processing [] {"url":"/churchcrm/api/background/timerjobs","remote_ip":"::1","correlation_id":"5ecf6fddc3f36"}
[2020-05-28 10:03:58] defaultLogger.INFO: Next upgrade step for 4.0.3 is : 4.0.4 [] {"url":"/churchcrm/assetmanagement/AssetManagementDashboard.php","remote_ip":"::1","correlation_id":"5ecf706e95566"}
[2020-05-28 10:03:59] defaultLogger.INFO: Starting background job processing [] {"url":"/churchcrm/api/background/timerjobs","remote_ip":"::1","correlation_id":"5ecf706fc4bb3"}
[2020-05-28 10:03:59] defaultLogger.INFO: Starting application integrity check [] {"url":"/churchcrm/api/background/timerjobs","remote_ip":"::1","correlation_id":"5ecf706fc4bb3"}
[2020-05-28 10:03:59] defaultLogger.INFO: Signature file found at: /var/www/html/churchcrm/signatures.json [] {"url":"/churchcrm/api/background/timerjobs","remote_ip":"::1","correlation_id":"5ecf706fc4bb3"}
[2020-05-28 10:03:59] defaultLogger.WARNING: File hash mismatch: ChurchCRM/Config/Menu/Menu.php. Expected: 5390d0a60e24bb8560c02a08a10c0b542ba7da03; Got: 7b5c5fe772ff4215fab1795421413a2acef0763e [] {"url":"/churchcrm/api/background/timerjobs","remote_ip":"::1","correlation_id":"5ecf706fc4bb3"}
[2020-05-28 10:03:59] defaultLogger.WARNING: Application integrity check failed: One or more files failed signature validation [] {"url":"/churchcrm/api/background/timerjobs","remote_ip":"::1","correlation_id":"5ecf706fc4bb3"}
[2020-05-28 10:04:01] defaultLogger.INFO: Finished background job processing [] {"url":"/churchcrm/api/background/timerjobs","remote_ip":"::1","correlation_id":"5ecf706fc4bb3"}
