[2020-11-12 23:50:10] ormLogger.INFO: Select * from version_ver [] []
[2020-11-12 23:50:10] ormLogger.INFO: Select * from version_ver [] []
[2020-11-12 23:50:10] ormLogger.INFO: Select * from version_ver [] []
[2020-11-12 23:50:10] ormLogger.INFO: Select * from version_ver [] []
[2020-11-12 23:50:12] ormLogger.INFO: Select * from version_ver [] []
[2020-11-12 23:50:12] ormLogger.INFO: Select * from version_ver [] []
[2020-11-12 23:50:12] ormLogger.INFO: Select * from version_ver [] []
[2020-11-12 23:50:12] ormLogger.INFO: Select * from version_ver [] []
[2020-11-12 23:50:13] ormLogger.INFO: Select * from version_ver [] []
[2020-11-12 23:50:13] ormLogger.INFO: Select * from version_ver [] []
[2020-11-12 23:50:13] ormLogger.INFO: SELECT user_usr.usr_per_ID, user_usr.usr_Password, user_usr.usr_NeedPasswordChange, user_usr.usr_LastLogin, user_usr.usr_LoginCount, user_usr.usr_FailedLogins, user_usr.usr_AddRecords, user_usr.usr_EditRecords, user_usr.usr_DeleteRecords, user_usr.usr_MenuOptions, user_usr.usr_ManageGroups, user_usr.usr_Finance, user_usr.usr_Notes, user_usr.usr_Admin, user_usr.usr_SearchLimit, user_usr.usr_Style, user_usr.usr_showPledges, user_usr.usr_showPayments, user_usr.usr_showSince, user_usr.usr_defaultFY, user_usr.usr_currentDeposit, user_usr.usr_UserName, user_usr.usr_ApiKey, user_usr.usr_TwoFactorAuthSecret, user_usr.usr_TwoFactorAuthLastKeyTimestamp, user_usr.usr_TwoFactorAuthRecoveryCodes, user_usr.usr_EditSelf, user_usr.usr_CalStart, user_usr.usr_CalEnd, user_usr.usr_CalNoSchool1, user_usr.usr_CalNoSchool2, user_usr.usr_CalNoSchool3, user_usr.usr_CalNoSchool4, user_usr.usr_CalNoSchool5, user_usr.usr_CalNoSchool6, user_usr.usr_CalNoSchool7, user_usr.usr_CalNoSchool8, user_usr.usr_SearchFamily, user_usr.usr_Canvasser FROM user_usr WHERE user_usr.usr_UserName='admin' LIMIT 1 [] []
[2020-11-12 23:50:13] ormLogger.INFO: UPDATE user_usr SET usr_LastLogin='2020-11-12 23:50:13.000000', usr_LoginCount=8 WHERE user_usr.usr_per_ID=1 [] []
[2020-11-12 23:50:14] ormLogger.INFO: Select * from version_ver [] []
[2020-11-12 23:50:14] ormLogger.INFO: Select * from version_ver [] []
[2020-11-12 23:50:14] ormLogger.INFO: Select * from version_ver [] []
[2020-11-12 23:50:14] ormLogger.INFO: Select * from version_ver [] []
[2020-11-12 23:50:14] ormLogger.INFO: Select * from version_ver [] []
[2020-11-12 23:50:14] ormLogger.INFO: Select * from version_ver [] []
[2020-11-12 23:50:14] ormLogger.INFO: Select * from version_ver [] []
[2020-11-12 23:50:14] ormLogger.INFO: Select * from version_ver [] []
[2020-11-12 23:50:19] ormLogger.INFO: Select * from version_ver [] []
[2020-11-12 23:50:19] ormLogger.INFO: Select * from version_ver [] []
[2020-11-12 23:50:19] ormLogger.INFO: SELECT user_usr.usr_per_ID, user_usr.usr_Password, user_usr.usr_NeedPasswordChange, user_usr.usr_LastLogin, user_usr.usr_LoginCount, user_usr.usr_FailedLogins, user_usr.usr_AddRecords, user_usr.usr_EditRecords, user_usr.usr_DeleteRecords, user_usr.usr_MenuOptions, user_usr.usr_ManageGroups, user_usr.usr_Finance, user_usr.usr_Notes, user_usr.usr_Admin, user_usr.usr_SearchLimit, user_usr.usr_Style, user_usr.usr_showPledges, user_usr.usr_showPayments, user_usr.usr_showSince, user_usr.usr_defaultFY, user_usr.usr_currentDeposit, user_usr.usr_UserName, user_usr.usr_ApiKey, user_usr.usr_TwoFactorAuthSecret, user_usr.usr_TwoFactorAuthLastKeyTimestamp, user_usr.usr_TwoFactorAuthRecoveryCodes, user_usr.usr_EditSelf, user_usr.usr_CalStart, user_usr.usr_CalEnd, user_usr.usr_CalNoSchool1, user_usr.usr_CalNoSchool2, user_usr.usr_CalNoSchool3, user_usr.usr_CalNoSchool4, user_usr.usr_CalNoSchool5, user_usr.usr_CalNoSchool6, user_usr.usr_CalNoSchool7, user_usr.usr_CalNoSchool8, user_usr.usr_SearchFamily, user_usr.usr_Canvasser FROM user_usr WHERE user_usr.usr_UserName='admin' LIMIT 1 [] []
[2020-11-12 23:50:19] ormLogger.INFO: UPDATE user_usr SET usr_LastLogin='2020-11-12 23:50:19.000000', usr_LoginCount=9 WHERE user_usr.usr_per_ID=1 [] []
[2020-11-12 23:50:19] ormLogger.INFO: Select * from version_ver [] []
[2020-11-12 23:50:19] ormLogger.INFO: Select * from version_ver [] []
[2020-11-12 23:50:19] ormLogger.INFO: Select * from version_ver [] []
[2020-11-12 23:50:19] ormLogger.INFO: Select * from version_ver [] []
[2020-11-12 23:50:20] ormLogger.INFO: Select * from version_ver [] []
[2020-11-12 23:50:20] ormLogger.INFO: Select * from version_ver [] []
[2020-11-12 23:50:20] ormLogger.INFO: Select * from version_ver [] []
[2020-11-12 23:50:20] ormLogger.INFO: Select * from version_ver [] []
[2020-11-12 23:50:27] ormLogger.INFO: Select * from version_ver [] []
[2020-11-12 23:50:27] ormLogger.INFO: Select * from version_ver [] []
[2020-11-12 23:50:27] ormLogger.INFO: SELECT user_usr.usr_per_ID, user_usr.usr_Password, user_usr.usr_NeedPasswordChange, user_usr.usr_LastLogin, user_usr.usr_LoginCount, user_usr.usr_FailedLogins, user_usr.usr_AddRecords, user_usr.usr_EditRecords, user_usr.usr_DeleteRecords, user_usr.usr_MenuOptions, user_usr.usr_ManageGroups, user_usr.usr_Finance, user_usr.usr_Notes, user_usr.usr_Admin, user_usr.usr_SearchLimit, user_usr.usr_Style, user_usr.usr_showPledges, user_usr.usr_showPayments, user_usr.usr_showSince, user_usr.usr_defaultFY, user_usr.usr_currentDeposit, user_usr.usr_UserName, user_usr.usr_ApiKey, user_usr.usr_TwoFactorAuthSecret, user_usr.usr_TwoFactorAuthLastKeyTimestamp, user_usr.usr_TwoFactorAuthRecoveryCodes, user_usr.usr_EditSelf, user_usr.usr_CalStart, user_usr.usr_CalEnd, user_usr.usr_CalNoSchool1, user_usr.usr_CalNoSchool2, user_usr.usr_CalNoSchool3, user_usr.usr_CalNoSchool4, user_usr.usr_CalNoSchool5, user_usr.usr_CalNoSchool6, user_usr.usr_CalNoSchool7, user_usr.usr_CalNoSchool8, user_usr.usr_SearchFamily, user_usr.usr_Canvasser FROM user_usr WHERE user_usr.usr_UserName='admin' LIMIT 1 [] []
[2020-11-12 23:50:27] ormLogger.INFO: UPDATE user_usr SET usr_FailedLogins=1 WHERE user_usr.usr_per_ID=1 [] []
[2020-11-12 23:50:27] ormLogger.INFO: SELECT per_ID, per_Title, per_FirstName, per_MiddleName, per_LastName, per_Suffix, per_Address1, per_Address2, per_City, per_State, per_Zip, per_Country, per_HomePhone, per_WorkPhone, per_CellPhone, per_Email, per_WorkEmail, per_BirthMonth, per_BirthDay, per_BirthYear, per_MembershipDate, per_Gender, per_fmr_ID, per_cls_ID, per_fam_ID, per_Envelope, per_DateLastEdited, per_DateEntered, per_EnteredBy, per_EditedBy, per_FriendDate, per_Flags, per_FacebookID, per_Twitter, per_LinkedIn FROM person_per WHERE per_ID = 1 [] []
[2020-11-12 23:50:27] ormLogger.INFO: Select * from version_ver [] []
[2020-11-12 23:50:27] ormLogger.INFO: Select * from version_ver [] []
[2020-11-12 23:50:27] ormLogger.INFO: Select * from version_ver [] []
[2020-11-12 23:50:27] ormLogger.INFO: Select * from version_ver [] []
[2020-11-12 23:50:41] ormLogger.INFO: Select * from version_ver [] []
[2020-11-12 23:50:41] ormLogger.INFO: Select * from version_ver [] []
[2020-11-12 23:50:41] ormLogger.INFO: SELECT user_usr.usr_per_ID, user_usr.usr_Password, user_usr.usr_NeedPasswordChange, user_usr.usr_LastLogin, user_usr.usr_LoginCount, user_usr.usr_FailedLogins, user_usr.usr_AddRecords, user_usr.usr_EditRecords, user_usr.usr_DeleteRecords, user_usr.usr_MenuOptions, user_usr.usr_ManageGroups, user_usr.usr_Finance, user_usr.usr_Notes, user_usr.usr_Admin, user_usr.usr_SearchLimit, user_usr.usr_Style, user_usr.usr_showPledges, user_usr.usr_showPayments, user_usr.usr_showSince, user_usr.usr_defaultFY, user_usr.usr_currentDeposit, user_usr.usr_UserName, user_usr.usr_ApiKey, user_usr.usr_TwoFactorAuthSecret, user_usr.usr_TwoFactorAuthLastKeyTimestamp, user_usr.usr_TwoFactorAuthRecoveryCodes, user_usr.usr_EditSelf, user_usr.usr_CalStart, user_usr.usr_CalEnd, user_usr.usr_CalNoSchool1, user_usr.usr_CalNoSchool2, user_usr.usr_CalNoSchool3, user_usr.usr_CalNoSchool4, user_usr.usr_CalNoSchool5, user_usr.usr_CalNoSchool6, user_usr.usr_CalNoSchool7, user_usr.usr_CalNoSchool8, user_usr.usr_SearchFamily, user_usr.usr_Canvasser FROM user_usr WHERE user_usr.usr_UserName='admin' LIMIT 1 [] []
[2020-11-12 23:50:41] ormLogger.INFO: UPDATE user_usr SET usr_FailedLogins=2 WHERE user_usr.usr_per_ID=1 [] []
[2020-11-12 23:50:41] ormLogger.INFO: SELECT per_ID, per_Title, per_FirstName, per_MiddleName, per_LastName, per_Suffix, per_Address1, per_Address2, per_City, per_State, per_Zip, per_Country, per_HomePhone, per_WorkPhone, per_CellPhone, per_Email, per_WorkEmail, per_BirthMonth, per_BirthDay, per_BirthYear, per_MembershipDate, per_Gender, per_fmr_ID, per_cls_ID, per_fam_ID, per_Envelope, per_DateLastEdited, per_DateEntered, per_EnteredBy, per_EditedBy, per_FriendDate, per_Flags, per_FacebookID, per_Twitter, per_LinkedIn FROM person_per WHERE per_ID = 1 [] []
[2020-11-12 23:50:42] ormLogger.INFO: Select * from version_ver [] []
[2020-11-12 23:50:42] ormLogger.INFO: Select * from version_ver [] []
[2020-11-12 23:50:42] ormLogger.INFO: Select * from version_ver [] []
[2020-11-12 23:50:42] ormLogger.INFO: Select * from version_ver [] []
[2020-11-12 23:50:45] ormLogger.INFO: Select * from version_ver [] []
[2020-11-12 23:50:45] ormLogger.INFO: Select * from version_ver [] []
[2020-11-12 23:50:45] ormLogger.INFO: SELECT user_usr.usr_per_ID, user_usr.usr_Password, user_usr.usr_NeedPasswordChange, user_usr.usr_LastLogin, user_usr.usr_LoginCount, user_usr.usr_FailedLogins, user_usr.usr_AddRecords, user_usr.usr_EditRecords, user_usr.usr_DeleteRecords, user_usr.usr_MenuOptions, user_usr.usr_ManageGroups, user_usr.usr_Finance, user_usr.usr_Notes, user_usr.usr_Admin, user_usr.usr_SearchLimit, user_usr.usr_Style, user_usr.usr_showPledges, user_usr.usr_showPayments, user_usr.usr_showSince, user_usr.usr_defaultFY, user_usr.usr_currentDeposit, user_usr.usr_UserName, user_usr.usr_ApiKey, user_usr.usr_TwoFactorAuthSecret, user_usr.usr_TwoFactorAuthLastKeyTimestamp, user_usr.usr_TwoFactorAuthRecoveryCodes, user_usr.usr_EditSelf, user_usr.usr_CalStart, user_usr.usr_CalEnd, user_usr.usr_CalNoSchool1, user_usr.usr_CalNoSchool2, user_usr.usr_CalNoSchool3, user_usr.usr_CalNoSchool4, user_usr.usr_CalNoSchool5, user_usr.usr_CalNoSchool6, user_usr.usr_CalNoSchool7, user_usr.usr_CalNoSchool8, user_usr.usr_SearchFamily, user_usr.usr_Canvasser FROM user_usr WHERE user_usr.usr_UserName='admin' LIMIT 1 [] []
[2020-11-12 23:50:45] ormLogger.INFO: UPDATE user_usr SET usr_LastLogin='2020-11-12 23:50:45.000000', usr_LoginCount=10, usr_FailedLogins=0 WHERE user_usr.usr_per_ID=1 [] []
[2020-11-12 23:50:45] ormLogger.INFO: Select * from version_ver [] []
[2020-11-12 23:50:45] ormLogger.INFO: Select * from version_ver [] []
[2020-11-12 23:50:45] ormLogger.INFO: Select * from version_ver [] []
[2020-11-12 23:50:45] ormLogger.INFO: Select * from version_ver [] []
[2020-11-12 23:50:46] ormLogger.INFO: Select * from version_ver [] []
[2020-11-12 23:50:46] ormLogger.INFO: Select * from version_ver [] []
[2020-11-12 23:50:46] ormLogger.INFO: Select * from version_ver [] []
[2020-11-12 23:50:46] ormLogger.INFO: Select * from version_ver [] []
[2020-11-12 23:51:11] ormLogger.INFO: Select * from version_ver [] []
[2020-11-12 23:51:11] ormLogger.INFO: Select * from version_ver [] []
[2020-11-12 23:51:11] ormLogger.INFO: SELECT user_usr.usr_per_ID, user_usr.usr_Password, user_usr.usr_NeedPasswordChange, user_usr.usr_LastLogin, user_usr.usr_LoginCount, user_usr.usr_FailedLogins, user_usr.usr_AddRecords, user_usr.usr_EditRecords, user_usr.usr_DeleteRecords, user_usr.usr_MenuOptions, user_usr.usr_ManageGroups, user_usr.usr_Finance, user_usr.usr_Notes, user_usr.usr_Admin, user_usr.usr_SearchLimit, user_usr.usr_Style, user_usr.usr_showPledges, user_usr.usr_showPayments, user_usr.usr_showSince, user_usr.usr_defaultFY, user_usr.usr_currentDeposit, user_usr.usr_UserName, user_usr.usr_ApiKey, user_usr.usr_TwoFactorAuthSecret, user_usr.usr_TwoFactorAuthLastKeyTimestamp, user_usr.usr_TwoFactorAuthRecoveryCodes, user_usr.usr_EditSelf, user_usr.usr_CalStart, user_usr.usr_CalEnd, user_usr.usr_CalNoSchool1, user_usr.usr_CalNoSchool2, user_usr.usr_CalNoSchool3, user_usr.usr_CalNoSchool4, user_usr.usr_CalNoSchool5, user_usr.usr_CalNoSchool6, user_usr.usr_CalNoSchool7, user_usr.usr_CalNoSchool8, user_usr.usr_SearchFamily, user_usr.usr_Canvasser FROM user_usr WHERE user_usr.usr_UserName='admin' LIMIT 1 [] []
[2020-11-12 23:51:11] ormLogger.INFO: UPDATE user_usr SET usr_LastLogin='2020-11-12 23:51:11.000000', usr_LoginCount=11 WHERE user_usr.usr_per_ID=1 [] []
[2020-11-12 23:51:12] ormLogger.INFO: Select * from version_ver [] []
[2020-11-12 23:51:12] ormLogger.INFO: Select * from version_ver [] []
[2020-11-12 23:51:12] ormLogger.INFO: Select * from version_ver [] []
[2020-11-12 23:51:12] ormLogger.INFO: Select * from version_ver [] []
[2020-11-12 23:51:13] ormLogger.INFO: Select * from version_ver [] []
[2020-11-12 23:51:13] ormLogger.INFO: Select * from version_ver [] []
[2020-11-12 23:51:13] ormLogger.INFO: Select * from version_ver [] []
[2020-11-12 23:51:13] ormLogger.INFO: Select * from version_ver [] []
[2020-11-12 23:52:01] ormLogger.INFO: Select * from version_ver [] []
[2020-11-12 23:52:01] ormLogger.INFO: Select * from version_ver [] []
[2020-11-12 23:52:01] ormLogger.INFO: SELECT user_usr.usr_per_ID, user_usr.usr_Password, user_usr.usr_NeedPasswordChange, user_usr.usr_LastLogin, user_usr.usr_LoginCount, user_usr.usr_FailedLogins, user_usr.usr_AddRecords, user_usr.usr_EditRecords, user_usr.usr_DeleteRecords, user_usr.usr_MenuOptions, user_usr.usr_ManageGroups, user_usr.usr_Finance, user_usr.usr_Notes, user_usr.usr_Admin, user_usr.usr_SearchLimit, user_usr.usr_Style, user_usr.usr_showPledges, user_usr.usr_showPayments, user_usr.usr_showSince, user_usr.usr_defaultFY, user_usr.usr_currentDeposit, user_usr.usr_UserName, user_usr.usr_ApiKey, user_usr.usr_TwoFactorAuthSecret, user_usr.usr_TwoFactorAuthLastKeyTimestamp, user_usr.usr_TwoFactorAuthRecoveryCodes, user_usr.usr_EditSelf, user_usr.usr_CalStart, user_usr.usr_CalEnd, user_usr.usr_CalNoSchool1, user_usr.usr_CalNoSchool2, user_usr.usr_CalNoSchool3, user_usr.usr_CalNoSchool4, user_usr.usr_CalNoSchool5, user_usr.usr_CalNoSchool6, user_usr.usr_CalNoSchool7, user_usr.usr_CalNoSchool8, user_usr.usr_SearchFamily, user_usr.usr_Canvasser FROM user_usr WHERE user_usr.usr_UserName='admin' LIMIT 1 [] []
[2020-11-12 23:52:01] ormLogger.INFO: UPDATE user_usr SET usr_LastLogin='2020-11-12 23:52:01.000000', usr_LoginCount=12 WHERE user_usr.usr_per_ID=1 [] []
[2020-11-12 23:52:02] ormLogger.INFO: Select * from version_ver [] []
[2020-11-12 23:52:02] ormLogger.INFO: Select * from version_ver [] []
[2020-11-12 23:52:02] ormLogger.INFO: Select * from version_ver [] []
[2020-11-12 23:52:02] ormLogger.INFO: Select * from version_ver [] []
[2020-11-12 23:52:03] ormLogger.INFO: Select * from version_ver [] []
[2020-11-12 23:52:03] ormLogger.INFO: Select * from version_ver [] []
[2020-11-12 23:52:03] ormLogger.INFO: Select * from version_ver [] []
[2020-11-12 23:52:03] ormLogger.INFO: Select * from version_ver [] []
[2020-11-12 23:52:05] ormLogger.INFO: Select * from version_ver [] []
[2020-11-12 23:52:05] ormLogger.INFO: Select * from version_ver [] []
[2020-11-12 23:52:05] ormLogger.INFO: SELECT user_usr.usr_per_ID, user_usr.usr_Password, user_usr.usr_NeedPasswordChange, user_usr.usr_LastLogin, user_usr.usr_LoginCount, user_usr.usr_FailedLogins, user_usr.usr_AddRecords, user_usr.usr_EditRecords, user_usr.usr_DeleteRecords, user_usr.usr_MenuOptions, user_usr.usr_ManageGroups, user_usr.usr_Finance, user_usr.usr_Notes, user_usr.usr_Admin, user_usr.usr_SearchLimit, user_usr.usr_Style, user_usr.usr_showPledges, user_usr.usr_showPayments, user_usr.usr_showSince, user_usr.usr_defaultFY, user_usr.usr_currentDeposit, user_usr.usr_UserName, user_usr.usr_ApiKey, user_usr.usr_TwoFactorAuthSecret, user_usr.usr_TwoFactorAuthLastKeyTimestamp, user_usr.usr_TwoFactorAuthRecoveryCodes, user_usr.usr_EditSelf, user_usr.usr_CalStart, user_usr.usr_CalEnd, user_usr.usr_CalNoSchool1, user_usr.usr_CalNoSchool2, user_usr.usr_CalNoSchool3, user_usr.usr_CalNoSchool4, user_usr.usr_CalNoSchool5, user_usr.usr_CalNoSchool6, user_usr.usr_CalNoSchool7, user_usr.usr_CalNoSchool8, user_usr.usr_SearchFamily, user_usr.usr_Canvasser FROM user_usr WHERE user_usr.usr_UserName='admin' LIMIT 1 [] []
[2020-11-12 23:52:05] ormLogger.INFO: UPDATE user_usr SET usr_LastLogin='2020-11-12 23:52:05.000000', usr_LoginCount=13 WHERE user_usr.usr_per_ID=1 [] []
[2020-11-12 23:52:06] ormLogger.INFO: Select * from version_ver [] []
[2020-11-12 23:52:06] ormLogger.INFO: Select * from version_ver [] []
[2020-11-12 23:52:06] ormLogger.INFO: Select * from version_ver [] []
[2020-11-12 23:52:06] ormLogger.INFO: Select * from version_ver [] []
[2020-11-12 23:52:06] ormLogger.INFO: Select * from version_ver [] []
[2020-11-12 23:52:06] ormLogger.INFO: Select * from version_ver [] []
[2020-11-12 23:52:06] ormLogger.INFO: Select * from version_ver [] []
[2020-11-12 23:52:06] ormLogger.INFO: Select * from version_ver [] []
[2020-11-12 23:52:13] ormLogger.INFO: Select * from version_ver [] []
[2020-11-12 23:52:13] ormLogger.INFO: Select * from version_ver [] []
[2020-11-12 23:52:13] ormLogger.INFO: SELECT user_usr.usr_per_ID, user_usr.usr_Password, user_usr.usr_NeedPasswordChange, user_usr.usr_LastLogin, user_usr.usr_LoginCount, user_usr.usr_FailedLogins, user_usr.usr_AddRecords, user_usr.usr_EditRecords, user_usr.usr_DeleteRecords, user_usr.usr_MenuOptions, user_usr.usr_ManageGroups, user_usr.usr_Finance, user_usr.usr_Notes, user_usr.usr_Admin, user_usr.usr_SearchLimit, user_usr.usr_Style, user_usr.usr_showPledges, user_usr.usr_showPayments, user_usr.usr_showSince, user_usr.usr_defaultFY, user_usr.usr_currentDeposit, user_usr.usr_UserName, user_usr.usr_ApiKey, user_usr.usr_TwoFactorAuthSecret, user_usr.usr_TwoFactorAuthLastKeyTimestamp, user_usr.usr_TwoFactorAuthRecoveryCodes, user_usr.usr_EditSelf, user_usr.usr_CalStart, user_usr.usr_CalEnd, user_usr.usr_CalNoSchool1, user_usr.usr_CalNoSchool2, user_usr.usr_CalNoSchool3, user_usr.usr_CalNoSchool4, user_usr.usr_CalNoSchool5, user_usr.usr_CalNoSchool6, user_usr.usr_CalNoSchool7, user_usr.usr_CalNoSchool8, user_usr.usr_SearchFamily, user_usr.usr_Canvasser FROM user_usr WHERE user_usr.usr_UserName='admin' LIMIT 1 [] []
[2020-11-12 23:52:13] ormLogger.INFO: UPDATE user_usr SET usr_FailedLogins=1 WHERE user_usr.usr_per_ID=1 [] []
[2020-11-12 23:52:13] ormLogger.INFO: SELECT per_ID, per_Title, per_FirstName, per_MiddleName, per_LastName, per_Suffix, per_Address1, per_Address2, per_City, per_State, per_Zip, per_Country, per_HomePhone, per_WorkPhone, per_CellPhone, per_Email, per_WorkEmail, per_BirthMonth, per_BirthDay, per_BirthYear, per_MembershipDate, per_Gender, per_fmr_ID, per_cls_ID, per_fam_ID, per_Envelope, per_DateLastEdited, per_DateEntered, per_EnteredBy, per_EditedBy, per_FriendDate, per_Flags, per_FacebookID, per_Twitter, per_LinkedIn FROM person_per WHERE per_ID = 1 [] []
[2020-11-12 23:52:13] ormLogger.INFO: Select * from version_ver [] []
[2020-11-12 23:52:13] ormLogger.INFO: Select * from version_ver [] []
[2020-11-12 23:52:13] ormLogger.INFO: Select * from version_ver [] []
[2020-11-12 23:52:13] ormLogger.INFO: Select * from version_ver [] []
[2020-11-12 23:52:20] ormLogger.INFO: Select * from version_ver [] []
[2020-11-12 23:52:20] ormLogger.INFO: Select * from version_ver [] []
[2020-11-12 23:52:20] ormLogger.INFO: SELECT user_usr.usr_per_ID, user_usr.usr_Password, user_usr.usr_NeedPasswordChange, user_usr.usr_LastLogin, user_usr.usr_LoginCount, user_usr.usr_FailedLogins, user_usr.usr_AddRecords, user_usr.usr_EditRecords, user_usr.usr_DeleteRecords, user_usr.usr_MenuOptions, user_usr.usr_ManageGroups, user_usr.usr_Finance, user_usr.usr_Notes, user_usr.usr_Admin, user_usr.usr_SearchLimit, user_usr.usr_Style, user_usr.usr_showPledges, user_usr.usr_showPayments, user_usr.usr_showSince, user_usr.usr_defaultFY, user_usr.usr_currentDeposit, user_usr.usr_UserName, user_usr.usr_ApiKey, user_usr.usr_TwoFactorAuthSecret, user_usr.usr_TwoFactorAuthLastKeyTimestamp, user_usr.usr_TwoFactorAuthRecoveryCodes, user_usr.usr_EditSelf, user_usr.usr_CalStart, user_usr.usr_CalEnd, user_usr.usr_CalNoSchool1, user_usr.usr_CalNoSchool2, user_usr.usr_CalNoSchool3, user_usr.usr_CalNoSchool4, user_usr.usr_CalNoSchool5, user_usr.usr_CalNoSchool6, user_usr.usr_CalNoSchool7, user_usr.usr_CalNoSchool8, user_usr.usr_SearchFamily, user_usr.usr_Canvasser FROM user_usr WHERE user_usr.usr_UserName='admin' LIMIT 1 [] []
[2020-11-12 23:52:20] ormLogger.INFO: UPDATE user_usr SET usr_FailedLogins=2 WHERE user_usr.usr_per_ID=1 [] []
[2020-11-12 23:52:20] ormLogger.INFO: SELECT per_ID, per_Title, per_FirstName, per_MiddleName, per_LastName, per_Suffix, per_Address1, per_Address2, per_City, per_State, per_Zip, per_Country, per_HomePhone, per_WorkPhone, per_CellPhone, per_Email, per_WorkEmail, per_BirthMonth, per_BirthDay, per_BirthYear, per_MembershipDate, per_Gender, per_fmr_ID, per_cls_ID, per_fam_ID, per_Envelope, per_DateLastEdited, per_DateEntered, per_EnteredBy, per_EditedBy, per_FriendDate, per_Flags, per_FacebookID, per_Twitter, per_LinkedIn FROM person_per WHERE per_ID = 1 [] []
[2020-11-12 23:52:21] ormLogger.INFO: Select * from version_ver [] []
[2020-11-12 23:52:21] ormLogger.INFO: Select * from version_ver [] []
[2020-11-12 23:52:21] ormLogger.INFO: Select * from version_ver [] []
[2020-11-12 23:52:21] ormLogger.INFO: Select * from version_ver [] []
[2020-11-12 23:52:42] ormLogger.INFO: Select * from version_ver [] []
[2020-11-12 23:52:42] ormLogger.INFO: Select * from version_ver [] []
[2020-11-12 23:52:42] ormLogger.INFO: Select * from version_ver [] []
[2020-11-12 23:52:42] ormLogger.INFO: Select * from version_ver [] []
[2020-11-12 23:52:43] ormLogger.INFO: Select * from version_ver [] []
[2020-11-12 23:52:43] ormLogger.INFO: Select * from version_ver [] []
[2020-11-12 23:52:43] ormLogger.INFO: Select * from version_ver [] []
[2020-11-12 23:52:43] ormLogger.INFO: Select * from version_ver [] []
[2020-11-12 23:52:47] ormLogger.INFO: Select * from version_ver [] []
[2020-11-12 23:52:47] ormLogger.INFO: Select * from version_ver [] []
[2020-11-12 23:52:47] ormLogger.INFO: SELECT user_usr.usr_per_ID, user_usr.usr_Password, user_usr.usr_NeedPasswordChange, user_usr.usr_LastLogin, user_usr.usr_LoginCount, user_usr.usr_FailedLogins, user_usr.usr_AddRecords, user_usr.usr_EditRecords, user_usr.usr_DeleteRecords, user_usr.usr_MenuOptions, user_usr.usr_ManageGroups, user_usr.usr_Finance, user_usr.usr_Notes, user_usr.usr_Admin, user_usr.usr_SearchLimit, user_usr.usr_Style, user_usr.usr_showPledges, user_usr.usr_showPayments, user_usr.usr_showSince, user_usr.usr_defaultFY, user_usr.usr_currentDeposit, user_usr.usr_UserName, user_usr.usr_ApiKey, user_usr.usr_TwoFactorAuthSecret, user_usr.usr_TwoFactorAuthLastKeyTimestamp, user_usr.usr_TwoFactorAuthRecoveryCodes, user_usr.usr_EditSelf, user_usr.usr_CalStart, user_usr.usr_CalEnd, user_usr.usr_CalNoSchool1, user_usr.usr_CalNoSchool2, user_usr.usr_CalNoSchool3, user_usr.usr_CalNoSchool4, user_usr.usr_CalNoSchool5, user_usr.usr_CalNoSchool6, user_usr.usr_CalNoSchool7, user_usr.usr_CalNoSchool8, user_usr.usr_SearchFamily, user_usr.usr_Canvasser FROM user_usr WHERE user_usr.usr_UserName='admin' LIMIT 1 [] []
[2020-11-12 23:52:47] ormLogger.INFO: UPDATE user_usr SET usr_LastLogin='2020-11-12 23:52:47.000000', usr_LoginCount=14, usr_FailedLogins=0 WHERE user_usr.usr_per_ID=1 [] []
[2020-11-12 23:52:47] ormLogger.INFO: Select * from version_ver [] []
[2020-11-12 23:52:47] ormLogger.INFO: Select * from version_ver [] []
[2020-11-12 23:52:47] ormLogger.INFO: Select * from version_ver [] []
[2020-11-12 23:52:47] ormLogger.INFO: Select * from version_ver [] []
[2020-11-12 23:52:48] ormLogger.INFO: Select * from version_ver [] []
[2020-11-12 23:52:48] ormLogger.INFO: Select * from version_ver [] []
[2020-11-12 23:52:48] ormLogger.INFO: Select * from version_ver [] []
[2020-11-12 23:52:48] ormLogger.INFO: Select * from version_ver [] []
[2020-11-12 23:52:49] ormLogger.INFO: Select * from version_ver [] []
[2020-11-12 23:52:49] ormLogger.INFO: Select * from version_ver [] []
[2020-11-12 23:52:50] ormLogger.INFO: Select * from version_ver [] []
[2020-11-12 23:52:50] ormLogger.INFO: Select * from version_ver [] []
[2020-11-12 23:52:50] ormLogger.INFO: Select * from version_ver [] []
[2020-11-12 23:52:50] ormLogger.INFO: Select * from version_ver [] []
[2020-11-12 23:52:57] ormLogger.INFO: Select * from version_ver [] []
[2020-11-12 23:52:57] ormLogger.INFO: Select * from version_ver [] []
[2020-11-12 23:52:57] ormLogger.INFO: SELECT user_usr.usr_per_ID, user_usr.usr_Password, user_usr.usr_NeedPasswordChange, user_usr.usr_LastLogin, user_usr.usr_LoginCount, user_usr.usr_FailedLogins, user_usr.usr_AddRecords, user_usr.usr_EditRecords, user_usr.usr_DeleteRecords, user_usr.usr_MenuOptions, user_usr.usr_ManageGroups, user_usr.usr_Finance, user_usr.usr_Notes, user_usr.usr_Admin, user_usr.usr_SearchLimit, user_usr.usr_Style, user_usr.usr_showPledges, user_usr.usr_showPayments, user_usr.usr_showSince, user_usr.usr_defaultFY, user_usr.usr_currentDeposit, user_usr.usr_UserName, user_usr.usr_ApiKey, user_usr.usr_TwoFactorAuthSecret, user_usr.usr_TwoFactorAuthLastKeyTimestamp, user_usr.usr_TwoFactorAuthRecoveryCodes, user_usr.usr_EditSelf, user_usr.usr_CalStart, user_usr.usr_CalEnd, user_usr.usr_CalNoSchool1, user_usr.usr_CalNoSchool2, user_usr.usr_CalNoSchool3, user_usr.usr_CalNoSchool4, user_usr.usr_CalNoSchool5, user_usr.usr_CalNoSchool6, user_usr.usr_CalNoSchool7, user_usr.usr_CalNoSchool8, user_usr.usr_SearchFamily, user_usr.usr_Canvasser FROM user_usr WHERE user_usr.usr_UserName='admin' LIMIT 1 [] []
[2020-11-12 23:52:57] ormLogger.INFO: SELECT per_ID, per_Title, per_FirstName, per_MiddleName, per_LastName, per_Suffix, per_Address1, per_Address2, per_City, per_State, per_Zip, per_Country, per_HomePhone, per_WorkPhone, per_CellPhone, per_Email, per_WorkEmail, per_BirthMonth, per_BirthDay, per_BirthYear, per_MembershipDate, per_Gender, per_fmr_ID, per_cls_ID, per_fam_ID, per_Envelope, per_DateLastEdited, per_DateEntered, per_EnteredBy, per_EditedBy, per_FriendDate, per_Flags, per_FacebookID, per_Twitter, per_LinkedIn FROM person_per WHERE per_ID = 1 [] []
[2020-11-12 23:53:04] ormLogger.INFO: Select * from version_ver [] []
[2020-11-12 23:53:04] ormLogger.INFO: Select * from version_ver [] []
[2020-11-12 23:53:04] ormLogger.INFO: Select * from version_ver [] []
[2020-11-12 23:53:04] ormLogger.INFO: Select * from version_ver [] []
[2020-11-12 23:53:04] ormLogger.INFO: Select * from version_ver [] []
[2020-11-12 23:53:04] ormLogger.INFO: Select * from version_ver [] []
[2020-11-12 23:53:04] ormLogger.INFO: Select * from version_ver [] []
[2020-11-12 23:53:04] ormLogger.INFO: Select * from version_ver [] []
[2020-11-12 23:53:06] ormLogger.INFO: Select * from version_ver [] []
[2020-11-12 23:53:06] ormLogger.INFO: Select * from version_ver [] []
[2020-11-12 23:53:06] ormLogger.INFO: SELECT user_usr.usr_per_ID, user_usr.usr_Password, user_usr.usr_NeedPasswordChange, user_usr.usr_LastLogin, user_usr.usr_LoginCount, user_usr.usr_FailedLogins, user_usr.usr_AddRecords, user_usr.usr_EditRecords, user_usr.usr_DeleteRecords, user_usr.usr_MenuOptions, user_usr.usr_ManageGroups, user_usr.usr_Finance, user_usr.usr_Notes, user_usr.usr_Admin, user_usr.usr_SearchLimit, user_usr.usr_Style, user_usr.usr_showPledges, user_usr.usr_showPayments, user_usr.usr_showSince, user_usr.usr_defaultFY, user_usr.usr_currentDeposit, user_usr.usr_UserName, user_usr.usr_ApiKey, user_usr.usr_TwoFactorAuthSecret, user_usr.usr_TwoFactorAuthLastKeyTimestamp, user_usr.usr_TwoFactorAuthRecoveryCodes, user_usr.usr_EditSelf, user_usr.usr_CalStart, user_usr.usr_CalEnd, user_usr.usr_CalNoSchool1, user_usr.usr_CalNoSchool2, user_usr.usr_CalNoSchool3, user_usr.usr_CalNoSchool4, user_usr.usr_CalNoSchool5, user_usr.usr_CalNoSchool6, user_usr.usr_CalNoSchool7, user_usr.usr_CalNoSchool8, user_usr.usr_SearchFamily, user_usr.usr_Canvasser FROM user_usr WHERE user_usr.usr_UserName='admin' LIMIT 1 [] []
[2020-11-12 23:53:06] ormLogger.INFO: UPDATE user_usr SET usr_LastLogin='2020-11-12 23:53:06.000000', usr_LoginCount=15 WHERE user_usr.usr_per_ID=1 [] []
[2020-11-12 23:53:07] ormLogger.INFO: Select * from version_ver [] []
[2020-11-12 23:53:07] ormLogger.INFO: Select * from version_ver [] []
[2020-11-12 23:53:07] ormLogger.INFO: Select * from version_ver [] []
[2020-11-12 23:53:07] ormLogger.INFO: Select * from version_ver [] []
[2020-11-12 23:53:07] ormLogger.INFO: Select * from version_ver [] []
[2020-11-12 23:53:07] ormLogger.INFO: Select * from version_ver [] []
[2020-11-12 23:53:07] ormLogger.INFO: Select * from version_ver [] []
[2020-11-12 23:53:07] ormLogger.INFO: Select * from version_ver [] []
[2020-11-12 23:57:52] ormLogger.INFO: Select * from version_ver [] []
[2020-11-12 23:57:52] ormLogger.INFO: Select * from version_ver [] []
[2020-11-12 23:57:52] ormLogger.INFO: SELECT user_usr.usr_per_ID, user_usr.usr_Password, user_usr.usr_NeedPasswordChange, user_usr.usr_LastLogin, user_usr.usr_LoginCount, user_usr.usr_FailedLogins, user_usr.usr_AddRecords, user_usr.usr_EditRecords, user_usr.usr_DeleteRecords, user_usr.usr_MenuOptions, user_usr.usr_ManageGroups, user_usr.usr_Finance, user_usr.usr_Notes, user_usr.usr_Admin, user_usr.usr_SearchLimit, user_usr.usr_Style, user_usr.usr_showPledges, user_usr.usr_showPayments, user_usr.usr_showSince, user_usr.usr_defaultFY, user_usr.usr_currentDeposit, user_usr.usr_UserName, user_usr.usr_ApiKey, user_usr.usr_TwoFactorAuthSecret, user_usr.usr_TwoFactorAuthLastKeyTimestamp, user_usr.usr_TwoFactorAuthRecoveryCodes, user_usr.usr_EditSelf, user_usr.usr_CalStart, user_usr.usr_CalEnd, user_usr.usr_CalNoSchool1, user_usr.usr_CalNoSchool2, user_usr.usr_CalNoSchool3, user_usr.usr_CalNoSchool4, user_usr.usr_CalNoSchool5, user_usr.usr_CalNoSchool6, user_usr.usr_CalNoSchool7, user_usr.usr_CalNoSchool8, user_usr.usr_SearchFamily, user_usr.usr_Canvasser FROM user_usr WHERE user_usr.usr_UserName='admin' LIMIT 1 [] []
[2020-11-12 23:57:52] ormLogger.INFO: UPDATE user_usr SET usr_LastLogin='2020-11-12 23:57:52.000000', usr_LoginCount=16 WHERE user_usr.usr_per_ID=1 [] []
[2020-11-12 23:57:52] ormLogger.INFO: Select * from version_ver [] []
[2020-11-12 23:57:52] ormLogger.INFO: Select * from version_ver [] []
[2020-11-12 23:57:52] ormLogger.INFO: Select * from version_ver [] []
[2020-11-12 23:57:52] ormLogger.INFO: Select * from version_ver [] []
[2020-11-12 23:57:53] ormLogger.INFO: Select * from version_ver [] []
[2020-11-12 23:57:53] ormLogger.INFO: Select * from version_ver [] []
[2020-11-12 23:57:53] ormLogger.INFO: Select * from version_ver [] []
[2020-11-12 23:57:53] ormLogger.INFO: Select * from version_ver [] []
[2020-11-12 23:57:56] ormLogger.INFO: Select * from version_ver [] []
[2020-11-12 23:57:56] ormLogger.INFO: Select * from version_ver [] []
[2020-11-12 23:57:56] ormLogger.INFO: Select * from version_ver [] []
[2020-11-12 23:57:56] ormLogger.INFO: Select * from version_ver [] []
[2020-11-12 23:57:57] ormLogger.INFO: Select * from version_ver [] []
[2020-11-12 23:57:57] ormLogger.INFO: Select * from version_ver [] []
[2020-11-12 23:57:57] ormLogger.INFO: Select * from version_ver [] []
[2020-11-12 23:57:57] ormLogger.INFO: Select * from version_ver [] []
[2020-11-12 23:57:57] ormLogger.INFO: Select * from version_ver [] []
[2020-11-12 23:57:57] ormLogger.INFO: Select * from version_ver [] []
[2020-11-12 23:57:57] ormLogger.INFO: Select * from version_ver [] []
[2020-11-12 23:57:57] ormLogger.INFO: Select * from version_ver [] []
[2020-11-12 23:57:58] ormLogger.INFO: Select * from version_ver [] []
[2020-11-12 23:57:58] ormLogger.INFO: Select * from version_ver [] []
[2020-11-12 23:57:58] ormLogger.INFO: Select * from version_ver [] []
[2020-11-12 23:57:58] ormLogger.INFO: Select * from version_ver [] []
[2020-11-12 23:58:06] ormLogger.INFO: Select * from version_ver [] []
[2020-11-12 23:58:06] ormLogger.INFO: Select * from version_ver [] []
[2020-11-12 23:58:06] ormLogger.INFO: SELECT user_usr.usr_per_ID, user_usr.usr_Password, user_usr.usr_NeedPasswordChange, user_usr.usr_LastLogin, user_usr.usr_LoginCount, user_usr.usr_FailedLogins, user_usr.usr_AddRecords, user_usr.usr_EditRecords, user_usr.usr_DeleteRecords, user_usr.usr_MenuOptions, user_usr.usr_ManageGroups, user_usr.usr_Finance, user_usr.usr_Notes, user_usr.usr_Admin, user_usr.usr_SearchLimit, user_usr.usr_Style, user_usr.usr_showPledges, user_usr.usr_showPayments, user_usr.usr_showSince, user_usr.usr_defaultFY, user_usr.usr_currentDeposit, user_usr.usr_UserName, user_usr.usr_ApiKey, user_usr.usr_TwoFactorAuthSecret, user_usr.usr_TwoFactorAuthLastKeyTimestamp, user_usr.usr_TwoFactorAuthRecoveryCodes, user_usr.usr_EditSelf, user_usr.usr_CalStart, user_usr.usr_CalEnd, user_usr.usr_CalNoSchool1, user_usr.usr_CalNoSchool2, user_usr.usr_CalNoSchool3, user_usr.usr_CalNoSchool4, user_usr.usr_CalNoSchool5, user_usr.usr_CalNoSchool6, user_usr.usr_CalNoSchool7, user_usr.usr_CalNoSchool8, user_usr.usr_SearchFamily, user_usr.usr_Canvasser FROM user_usr WHERE user_usr.usr_UserName='admin' LIMIT 1 [] []
[2020-11-12 23:58:06] ormLogger.INFO: UPDATE user_usr SET usr_FailedLogins=1 WHERE user_usr.usr_per_ID=1 [] []
[2020-11-12 23:58:06] ormLogger.INFO: SELECT per_ID, per_Title, per_FirstName, per_MiddleName, per_LastName, per_Suffix, per_Address1, per_Address2, per_City, per_State, per_Zip, per_Country, per_HomePhone, per_WorkPhone, per_CellPhone, per_Email, per_WorkEmail, per_BirthMonth, per_BirthDay, per_BirthYear, per_MembershipDate, per_Gender, per_fmr_ID, per_cls_ID, per_fam_ID, per_Envelope, per_DateLastEdited, per_DateEntered, per_EnteredBy, per_EditedBy, per_FriendDate, per_Flags, per_FacebookID, per_Twitter, per_LinkedIn FROM person_per WHERE per_ID = 1 [] []
[2020-11-12 23:58:06] ormLogger.INFO: Select * from version_ver [] []
[2020-11-12 23:58:06] ormLogger.INFO: Select * from version_ver [] []
[2020-11-12 23:58:06] ormLogger.INFO: Select * from version_ver [] []
[2020-11-12 23:58:06] ormLogger.INFO: Select * from version_ver [] []
[2020-11-12 23:58:12] ormLogger.INFO: Select * from version_ver [] []
[2020-11-12 23:58:12] ormLogger.INFO: Select * from version_ver [] []
[2020-11-12 23:58:12] ormLogger.INFO: SELECT user_usr.usr_per_ID, user_usr.usr_Password, user_usr.usr_NeedPasswordChange, user_usr.usr_LastLogin, user_usr.usr_LoginCount, user_usr.usr_FailedLogins, user_usr.usr_AddRecords, user_usr.usr_EditRecords, user_usr.usr_DeleteRecords, user_usr.usr_MenuOptions, user_usr.usr_ManageGroups, user_usr.usr_Finance, user_usr.usr_Notes, user_usr.usr_Admin, user_usr.usr_SearchLimit, user_usr.usr_Style, user_usr.usr_showPledges, user_usr.usr_showPayments, user_usr.usr_showSince, user_usr.usr_defaultFY, user_usr.usr_currentDeposit, user_usr.usr_UserName, user_usr.usr_ApiKey, user_usr.usr_TwoFactorAuthSecret, user_usr.usr_TwoFactorAuthLastKeyTimestamp, user_usr.usr_TwoFactorAuthRecoveryCodes, user_usr.usr_EditSelf, user_usr.usr_CalStart, user_usr.usr_CalEnd, user_usr.usr_CalNoSchool1, user_usr.usr_CalNoSchool2, user_usr.usr_CalNoSchool3, user_usr.usr_CalNoSchool4, user_usr.usr_CalNoSchool5, user_usr.usr_CalNoSchool6, user_usr.usr_CalNoSchool7, user_usr.usr_CalNoSchool8, user_usr.usr_SearchFamily, user_usr.usr_Canvasser FROM user_usr WHERE user_usr.usr_UserName='admin' LIMIT 1 [] []
[2020-11-12 23:58:12] ormLogger.INFO: UPDATE user_usr SET usr_LastLogin='2020-11-12 23:58:12.000000', usr_LoginCount=17, usr_FailedLogins=0 WHERE user_usr.usr_per_ID=1 [] []
[2020-11-12 23:58:13] ormLogger.INFO: Select * from version_ver [] []
[2020-11-12 23:58:13] ormLogger.INFO: Select * from version_ver [] []
[2020-11-12 23:58:13] ormLogger.INFO: Select * from version_ver [] []
[2020-11-12 23:58:13] ormLogger.INFO: Select * from version_ver [] []
[2020-11-12 23:58:13] ormLogger.INFO: Select * from version_ver [] []
[2020-11-12 23:58:13] ormLogger.INFO: Select * from version_ver [] []
[2020-11-12 23:58:13] ormLogger.INFO: Select * from version_ver [] []
[2020-11-12 23:58:13] ormLogger.INFO: Select * from version_ver [] []
[2020-11-12 23:58:43] ormLogger.INFO: Select * from version_ver [] []
[2020-11-12 23:58:43] ormLogger.INFO: Select * from version_ver [] []
[2020-11-12 23:58:43] ormLogger.INFO: Select * from version_ver [] []
[2020-11-12 23:58:43] ormLogger.INFO: Select * from version_ver [] []
[2020-11-12 23:58:44] ormLogger.INFO: Select * from version_ver [] []
[2020-11-12 23:58:44] ormLogger.INFO: Select * from version_ver [] []
[2020-11-12 23:58:44] ormLogger.INFO: Select * from version_ver [] []
[2020-11-12 23:58:44] ormLogger.INFO: Select * from version_ver [] []
[2020-11-12 23:59:25] ormLogger.INFO: Select * from version_ver [] []
[2020-11-12 23:59:25] ormLogger.INFO: Select * from version_ver [] []
[2020-11-12 23:59:26] ormLogger.INFO: Select * from version_ver [] []
[2020-11-12 23:59:26] ormLogger.INFO: Select * from version_ver [] []
[2020-11-12 23:59:26] ormLogger.INFO: Select * from version_ver [] []
[2020-11-12 23:59:26] ormLogger.INFO: Select * from version_ver [] []
[2020-11-12 23:59:41] ormLogger.INFO: Select * from version_ver [] []
[2020-11-12 23:59:41] ormLogger.INFO: Select * from version_ver [] []
[2020-11-12 23:59:41] ormLogger.INFO: SELECT user_usr.usr_per_ID, user_usr.usr_Password, user_usr.usr_NeedPasswordChange, user_usr.usr_LastLogin, user_usr.usr_LoginCount, user_usr.usr_FailedLogins, user_usr.usr_AddRecords, user_usr.usr_EditRecords, user_usr.usr_DeleteRecords, user_usr.usr_MenuOptions, user_usr.usr_ManageGroups, user_usr.usr_Finance, user_usr.usr_Notes, user_usr.usr_Admin, user_usr.usr_SearchLimit, user_usr.usr_Style, user_usr.usr_showPledges, user_usr.usr_showPayments, user_usr.usr_showSince, user_usr.usr_defaultFY, user_usr.usr_currentDeposit, user_usr.usr_UserName, user_usr.usr_ApiKey, user_usr.usr_TwoFactorAuthSecret, user_usr.usr_TwoFactorAuthLastKeyTimestamp, user_usr.usr_TwoFactorAuthRecoveryCodes, user_usr.usr_EditSelf, user_usr.usr_CalStart, user_usr.usr_CalEnd, user_usr.usr_CalNoSchool1, user_usr.usr_CalNoSchool2, user_usr.usr_CalNoSchool3, user_usr.usr_CalNoSchool4, user_usr.usr_CalNoSchool5, user_usr.usr_CalNoSchool6, user_usr.usr_CalNoSchool7, user_usr.usr_CalNoSchool8, user_usr.usr_SearchFamily, user_usr.usr_Canvasser FROM user_usr WHERE user_usr.usr_UserName='admin' LIMIT 1 [] []
[2020-11-12 23:59:41] ormLogger.INFO: UPDATE user_usr SET usr_LastLogin='2020-11-12 23:59:41.000000', usr_LoginCount=18 WHERE user_usr.usr_per_ID=1 [] []
[2020-11-12 23:59:42] ormLogger.INFO: Select * from version_ver [] []
[2020-11-12 23:59:42] ormLogger.INFO: Select * from version_ver [] []
[2020-11-12 23:59:42] ormLogger.INFO: Select * from version_ver [] []
[2020-11-12 23:59:42] ormLogger.INFO: Select * from version_ver [] []
[2020-11-12 23:59:43] ormLogger.INFO: Select * from version_ver [] []
[2020-11-12 23:59:43] ormLogger.INFO: Select * from version_ver [] []
[2020-11-12 23:59:43] ormLogger.INFO: Select * from version_ver [] []
[2020-11-12 23:59:43] ormLogger.INFO: Select * from version_ver [] []
[2020-11-13 00:19:13] ormLogger.INFO: Select * from version_ver [] []
[2020-11-13 00:19:13] ormLogger.INFO: Select * from version_ver [] []
[2020-11-13 00:19:13] ormLogger.INFO: Select * from version_ver [] []
[2020-11-13 00:19:13] ormLogger.INFO: Select * from version_ver [] []
[2020-11-13 00:19:14] ormLogger.INFO: Select * from version_ver [] []
[2020-11-13 00:19:14] ormLogger.INFO: Select * from version_ver [] []
[2020-11-13 00:19:14] ormLogger.INFO: Select * from version_ver [] []
[2020-11-13 00:19:14] ormLogger.INFO: Select * from version_ver [] []
[2020-11-13 00:19:23] ormLogger.INFO: Select * from version_ver [] []
[2020-11-13 00:19:23] ormLogger.INFO: Select * from version_ver [] []
[2020-11-13 00:19:23] ormLogger.INFO: SELECT user_usr.usr_per_ID, user_usr.usr_Password, user_usr.usr_NeedPasswordChange, user_usr.usr_LastLogin, user_usr.usr_LoginCount, user_usr.usr_FailedLogins, user_usr.usr_AddRecords, user_usr.usr_EditRecords, user_usr.usr_DeleteRecords, user_usr.usr_MenuOptions, user_usr.usr_ManageGroups, user_usr.usr_Finance, user_usr.usr_Notes, user_usr.usr_Admin, user_usr.usr_SearchLimit, user_usr.usr_Style, user_usr.usr_showPledges, user_usr.usr_showPayments, user_usr.usr_showSince, user_usr.usr_defaultFY, user_usr.usr_currentDeposit, user_usr.usr_UserName, user_usr.usr_ApiKey, user_usr.usr_TwoFactorAuthSecret, user_usr.usr_TwoFactorAuthLastKeyTimestamp, user_usr.usr_TwoFactorAuthRecoveryCodes, user_usr.usr_EditSelf, user_usr.usr_CalStart, user_usr.usr_CalEnd, user_usr.usr_CalNoSchool1, user_usr.usr_CalNoSchool2, user_usr.usr_CalNoSchool3, user_usr.usr_CalNoSchool4, user_usr.usr_CalNoSchool5, user_usr.usr_CalNoSchool6, user_usr.usr_CalNoSchool7, user_usr.usr_CalNoSchool8, user_usr.usr_SearchFamily, user_usr.usr_Canvasser FROM user_usr WHERE user_usr.usr_UserName='admin' LIMIT 1 [] []
[2020-11-13 00:19:23] ormLogger.INFO: UPDATE user_usr SET usr_LastLogin='2020-11-13 00:19:23.000000', usr_LoginCount=19 WHERE user_usr.usr_per_ID=1 [] []
[2020-11-13 00:19:23] ormLogger.INFO: Select * from version_ver [] []
[2020-11-13 00:19:23] ormLogger.INFO: Select * from version_ver [] []
[2020-11-13 00:19:23] ormLogger.INFO: Select * from version_ver [] []
[2020-11-13 00:19:23] ormLogger.INFO: Select * from version_ver [] []
[2020-11-13 00:19:24] ormLogger.INFO: Select * from version_ver [] []
[2020-11-13 00:19:24] ormLogger.INFO: Select * from version_ver [] []
[2020-11-13 00:19:24] ormLogger.INFO: Select * from version_ver [] []
[2020-11-13 00:19:24] ormLogger.INFO: Select * from version_ver [] []
[2020-11-13 00:19:35] ormLogger.INFO: Select * from version_ver [] []
[2020-11-13 00:19:35] ormLogger.INFO: Select * from version_ver [] []
[2020-11-13 00:19:35] ormLogger.INFO: SELECT user_usr.usr_per_ID, user_usr.usr_Password, user_usr.usr_NeedPasswordChange, user_usr.usr_LastLogin, user_usr.usr_LoginCount, user_usr.usr_FailedLogins, user_usr.usr_AddRecords, user_usr.usr_EditRecords, user_usr.usr_DeleteRecords, user_usr.usr_MenuOptions, user_usr.usr_ManageGroups, user_usr.usr_Finance, user_usr.usr_Notes, user_usr.usr_Admin, user_usr.usr_SearchLimit, user_usr.usr_Style, user_usr.usr_showPledges, user_usr.usr_showPayments, user_usr.usr_showSince, user_usr.usr_defaultFY, user_usr.usr_currentDeposit, user_usr.usr_UserName, user_usr.usr_ApiKey, user_usr.usr_TwoFactorAuthSecret, user_usr.usr_TwoFactorAuthLastKeyTimestamp, user_usr.usr_TwoFactorAuthRecoveryCodes, user_usr.usr_EditSelf, user_usr.usr_CalStart, user_usr.usr_CalEnd, user_usr.usr_CalNoSchool1, user_usr.usr_CalNoSchool2, user_usr.usr_CalNoSchool3, user_usr.usr_CalNoSchool4, user_usr.usr_CalNoSchool5, user_usr.usr_CalNoSchool6, user_usr.usr_CalNoSchool7, user_usr.usr_CalNoSchool8, user_usr.usr_SearchFamily, user_usr.usr_Canvasser FROM user_usr WHERE user_usr.usr_UserName='Admin' LIMIT 1 [] []
[2020-11-13 00:19:35] ormLogger.INFO: UPDATE user_usr SET usr_LastLogin='2020-11-13 00:19:35.000000', usr_LoginCount=20 WHERE user_usr.usr_per_ID=1 [] []
[2020-11-13 00:19:35] ormLogger.INFO: Select * from version_ver [] []
[2020-11-13 00:19:35] ormLogger.INFO: Select * from version_ver [] []
[2020-11-13 00:19:35] ormLogger.INFO: Select * from version_ver [] []
[2020-11-13 00:19:35] ormLogger.INFO: Select * from version_ver [] []
[2020-11-13 00:19:36] ormLogger.INFO: Select * from version_ver [] []
[2020-11-13 00:19:36] ormLogger.INFO: Select * from version_ver [] []
[2020-11-13 00:19:36] ormLogger.INFO: Select * from version_ver [] []
[2020-11-13 00:19:36] ormLogger.INFO: Select * from version_ver [] []
[2020-11-13 02:06:44] ormLogger.INFO: Select * from version_ver [] []
[2020-11-13 02:06:44] ormLogger.INFO: Select * from version_ver [] []
[2020-11-13 02:06:44] ormLogger.INFO: Select * from version_ver [] []
[2020-11-13 02:06:44] ormLogger.INFO: Select * from version_ver [] []
[2020-11-13 02:06:45] ormLogger.INFO: Select * from version_ver [] []
[2020-11-13 02:06:45] ormLogger.INFO: Select * from version_ver [] []
[2020-11-13 02:06:45] ormLogger.INFO: Select * from version_ver [] []
[2020-11-13 02:06:45] ormLogger.INFO: Select * from version_ver [] []
[2020-11-13 02:06:49] ormLogger.INFO: Select * from version_ver [] []
[2020-11-13 02:06:49] ormLogger.INFO: Select * from version_ver [] []
[2020-11-13 02:06:49] ormLogger.INFO: SELECT user_usr.usr_per_ID, user_usr.usr_Password, user_usr.usr_NeedPasswordChange, user_usr.usr_LastLogin, user_usr.usr_LoginCount, user_usr.usr_FailedLogins, user_usr.usr_AddRecords, user_usr.usr_EditRecords, user_usr.usr_DeleteRecords, user_usr.usr_MenuOptions, user_usr.usr_ManageGroups, user_usr.usr_Finance, user_usr.usr_Notes, user_usr.usr_Admin, user_usr.usr_SearchLimit, user_usr.usr_Style, user_usr.usr_showPledges, user_usr.usr_showPayments, user_usr.usr_showSince, user_usr.usr_defaultFY, user_usr.usr_currentDeposit, user_usr.usr_UserName, user_usr.usr_ApiKey, user_usr.usr_TwoFactorAuthSecret, user_usr.usr_TwoFactorAuthLastKeyTimestamp, user_usr.usr_TwoFactorAuthRecoveryCodes, user_usr.usr_EditSelf, user_usr.usr_CalStart, user_usr.usr_CalEnd, user_usr.usr_CalNoSchool1, user_usr.usr_CalNoSchool2, user_usr.usr_CalNoSchool3, user_usr.usr_CalNoSchool4, user_usr.usr_CalNoSchool5, user_usr.usr_CalNoSchool6, user_usr.usr_CalNoSchool7, user_usr.usr_CalNoSchool8, user_usr.usr_SearchFamily, user_usr.usr_Canvasser FROM user_usr WHERE user_usr.usr_UserName='admin' LIMIT 1 [] []
[2020-11-13 02:06:49] ormLogger.INFO: UPDATE user_usr SET usr_FailedLogins=1 WHERE user_usr.usr_per_ID=1 [] []
[2020-11-13 02:06:49] ormLogger.INFO: SELECT per_ID, per_Title, per_FirstName, per_MiddleName, per_LastName, per_Suffix, per_Address1, per_Address2, per_City, per_State, per_Zip, per_Country, per_HomePhone, per_WorkPhone, per_CellPhone, per_Email, per_WorkEmail, per_BirthMonth, per_BirthDay, per_BirthYear, per_MembershipDate, per_Gender, per_fmr_ID, per_cls_ID, per_fam_ID, per_Envelope, per_DateLastEdited, per_DateEntered, per_EnteredBy, per_EditedBy, per_FriendDate, per_Flags, per_FacebookID, per_Twitter, per_LinkedIn FROM person_per WHERE per_ID = 1 [] []
[2020-11-13 02:06:49] ormLogger.INFO: Select * from version_ver [] []
[2020-11-13 02:06:49] ormLogger.INFO: Select * from version_ver [] []
[2020-11-13 02:06:49] ormLogger.INFO: Select * from version_ver [] []
[2020-11-13 02:06:49] ormLogger.INFO: Select * from version_ver [] []
[2020-11-13 02:10:44] ormLogger.INFO: Select * from version_ver [] []
[2020-11-13 02:10:44] ormLogger.INFO: Select * from version_ver [] []
[2020-11-13 02:10:44] ormLogger.INFO: SELECT user_usr.usr_per_ID, user_usr.usr_Password, user_usr.usr_NeedPasswordChange, user_usr.usr_LastLogin, user_usr.usr_LoginCount, user_usr.usr_FailedLogins, user_usr.usr_AddRecords, user_usr.usr_EditRecords, user_usr.usr_DeleteRecords, user_usr.usr_MenuOptions, user_usr.usr_ManageGroups, user_usr.usr_Finance, user_usr.usr_Notes, user_usr.usr_Admin, user_usr.usr_SearchLimit, user_usr.usr_Style, user_usr.usr_showPledges, user_usr.usr_showPayments, user_usr.usr_showSince, user_usr.usr_defaultFY, user_usr.usr_currentDeposit, user_usr.usr_UserName, user_usr.usr_ApiKey, user_usr.usr_TwoFactorAuthSecret, user_usr.usr_TwoFactorAuthLastKeyTimestamp, user_usr.usr_TwoFactorAuthRecoveryCodes, user_usr.usr_EditSelf, user_usr.usr_CalStart, user_usr.usr_CalEnd, user_usr.usr_CalNoSchool1, user_usr.usr_CalNoSchool2, user_usr.usr_CalNoSchool3, user_usr.usr_CalNoSchool4, user_usr.usr_CalNoSchool5, user_usr.usr_CalNoSchool6, user_usr.usr_CalNoSchool7, user_usr.usr_CalNoSchool8, user_usr.usr_SearchFamily, user_usr.usr_Canvasser FROM user_usr WHERE user_usr.usr_UserName='admin' LIMIT 1 [] []
[2020-11-13 02:10:44] ormLogger.INFO: UPDATE user_usr SET usr_LastLogin='2020-11-13 02:10:44.000000', usr_LoginCount=21, usr_FailedLogins=0 WHERE user_usr.usr_per_ID=1 [] []
[2020-11-13 02:10:44] ormLogger.INFO: Select * from version_ver [] []
[2020-11-13 02:10:44] ormLogger.INFO: Select * from version_ver [] []
[2020-11-13 02:10:44] ormLogger.INFO: Select * from version_ver [] []
[2020-11-13 02:10:44] ormLogger.INFO: Select * from version_ver [] []
[2020-11-13 02:10:45] ormLogger.INFO: Select * from version_ver [] []
[2020-11-13 02:10:45] ormLogger.INFO: Select * from version_ver [] []
[2020-11-13 02:10:45] ormLogger.INFO: Select * from version_ver [] []
[2020-11-13 02:10:45] ormLogger.INFO: Select * from version_ver [] []
[2020-11-13 02:11:40] ormLogger.INFO: Select * from version_ver [] []
[2020-11-13 02:11:40] ormLogger.INFO: Select * from version_ver [] []
[2020-11-13 02:11:40] ormLogger.INFO: SELECT user_usr.usr_per_ID, user_usr.usr_Password, user_usr.usr_NeedPasswordChange, user_usr.usr_LastLogin, user_usr.usr_LoginCount, user_usr.usr_FailedLogins, user_usr.usr_AddRecords, user_usr.usr_EditRecords, user_usr.usr_DeleteRecords, user_usr.usr_MenuOptions, user_usr.usr_ManageGroups, user_usr.usr_Finance, user_usr.usr_Notes, user_usr.usr_Admin, user_usr.usr_SearchLimit, user_usr.usr_Style, user_usr.usr_showPledges, user_usr.usr_showPayments, user_usr.usr_showSince, user_usr.usr_defaultFY, user_usr.usr_currentDeposit, user_usr.usr_UserName, user_usr.usr_ApiKey, user_usr.usr_TwoFactorAuthSecret, user_usr.usr_TwoFactorAuthLastKeyTimestamp, user_usr.usr_TwoFactorAuthRecoveryCodes, user_usr.usr_EditSelf, user_usr.usr_CalStart, user_usr.usr_CalEnd, user_usr.usr_CalNoSchool1, user_usr.usr_CalNoSchool2, user_usr.usr_CalNoSchool3, user_usr.usr_CalNoSchool4, user_usr.usr_CalNoSchool5, user_usr.usr_CalNoSchool6, user_usr.usr_CalNoSchool7, user_usr.usr_CalNoSchool8, user_usr.usr_SearchFamily, user_usr.usr_Canvasser FROM user_usr WHERE user_usr.usr_UserName='admin' LIMIT 1 [] []
[2020-11-13 02:11:40] ormLogger.INFO: UPDATE user_usr SET usr_LastLogin='2020-11-13 02:11:40.000000', usr_LoginCount=22 WHERE user_usr.usr_per_ID=1 [] []
[2020-11-13 02:11:40] ormLogger.INFO: Select * from version_ver [] []
[2020-11-13 02:11:40] ormLogger.INFO: Select * from version_ver [] []
[2020-11-13 02:11:40] ormLogger.INFO: Select * from version_ver [] []
[2020-11-13 02:11:40] ormLogger.INFO: Select * from version_ver [] []
[2020-11-13 02:11:41] ormLogger.INFO: Select * from version_ver [] []
[2020-11-13 02:11:41] ormLogger.INFO: Select * from version_ver [] []
[2020-11-13 02:11:41] ormLogger.INFO: Select * from version_ver [] []
[2020-11-13 02:11:41] ormLogger.INFO: Select * from version_ver [] []
[2020-11-13 02:11:49] ormLogger.INFO: Select * from version_ver [] []
[2020-11-13 02:11:49] ormLogger.INFO: Select * from version_ver [] []
[2020-11-13 02:11:49] ormLogger.INFO: SELECT user_usr.usr_per_ID, user_usr.usr_Password, user_usr.usr_NeedPasswordChange, user_usr.usr_LastLogin, user_usr.usr_LoginCount, user_usr.usr_FailedLogins, user_usr.usr_AddRecords, user_usr.usr_EditRecords, user_usr.usr_DeleteRecords, user_usr.usr_MenuOptions, user_usr.usr_ManageGroups, user_usr.usr_Finance, user_usr.usr_Notes, user_usr.usr_Admin, user_usr.usr_SearchLimit, user_usr.usr_Style, user_usr.usr_showPledges, user_usr.usr_showPayments, user_usr.usr_showSince, user_usr.usr_defaultFY, user_usr.usr_currentDeposit, user_usr.usr_UserName, user_usr.usr_ApiKey, user_usr.usr_TwoFactorAuthSecret, user_usr.usr_TwoFactorAuthLastKeyTimestamp, user_usr.usr_TwoFactorAuthRecoveryCodes, user_usr.usr_EditSelf, user_usr.usr_CalStart, user_usr.usr_CalEnd, user_usr.usr_CalNoSchool1, user_usr.usr_CalNoSchool2, user_usr.usr_CalNoSchool3, user_usr.usr_CalNoSchool4, user_usr.usr_CalNoSchool5, user_usr.usr_CalNoSchool6, user_usr.usr_CalNoSchool7, user_usr.usr_CalNoSchool8, user_usr.usr_SearchFamily, user_usr.usr_Canvasser FROM user_usr WHERE user_usr.usr_UserName='admin' LIMIT 1 [] []
[2020-11-13 02:11:49] ormLogger.INFO: UPDATE user_usr SET usr_LastLogin='2020-11-13 02:11:49.000000', usr_LoginCount=23 WHERE user_usr.usr_per_ID=1 [] []
[2020-11-13 02:11:49] ormLogger.INFO: Select * from version_ver [] []
[2020-11-13 02:11:49] ormLogger.INFO: Select * from version_ver [] []
[2020-11-13 02:11:49] ormLogger.INFO: Select * from version_ver [] []
[2020-11-13 02:11:49] ormLogger.INFO: Select * from version_ver [] []
[2020-11-13 02:11:50] ormLogger.INFO: Select * from version_ver [] []
[2020-11-13 02:11:50] ormLogger.INFO: Select * from version_ver [] []
[2020-11-13 02:11:50] ormLogger.INFO: Select * from version_ver [] []
[2020-11-13 02:11:50] ormLogger.INFO: Select * from version_ver [] []
